[DEBUG] Migration already effectively installed (skipped): \phpbb\db\migration\data\v32x\merge_duplicate_bbcodes
[DEBUG] Migration already effectively installed (skipped): \phpbb\db\migration\data\v32x\user_notifications_table_unique_index
[DEBUG] Apply dependencies of \phpbb\db\migration\data\v32x\jquery_update.
[DEBUG] Apply dependencies of \phpbb\db\migration\data\v32x\v325rc1.
[DEBUG] Apply dependencies of \phpbb\db\migration\data\v32x\v324.
[DEBUG] Apply dependencies of \phpbb\db\migration\data\v32x\v324rc1.
[DEBUG] Apply dependencies of \phpbb\db\migration\data\v32x\v323.
[DEBUG] Apply dependencies of \phpbb\db\migration\data\v32x\v323rc2.
[DEBUG] Apply dependencies of \phpbb\db\migration\data\v32x\v323rc1.
[DEBUG] Apply dependencies of \phpbb\db\migration\data\v32x\enable_accurate_pm_button.
[DEBUG] Installing Schema: \phpbb\db\migration\data\v32x\enable_accurate_pm_button.
[INFO] Installed Schema: \phpbb\db\migration\data\v32x\enable_accurate_pm_button; Time: 0.00 seconds
[DEBUG] Migration already effectively installed (skipped): \phpbb\db\migration\data\v32x\merge_duplicate_bbcodes
[DEBUG] Migration already effectively installed (skipped): \phpbb\db\migration\data\v32x\user_notifications_table_unique_index
[DEBUG] Apply dependencies of \phpbb\db\migration\data\v32x\jquery_update.
[DEBUG] Apply dependencies of \phpbb\db\migration\data\v32x\v325rc1.
[DEBUG] Apply dependencies of \phpbb\db\migration\data\v32x\v324.
[DEBUG] Apply dependencies of \phpbb\db\migration\data\v32x\v324rc1.
[DEBUG] Apply dependencies of \phpbb\db\migration\data\v32x\v323.
[DEBUG] Apply dependencies of \phpbb\db\migration\data\v32x\v323rc2.
[DEBUG] Apply dependencies of \phpbb\db\migration\data\v32x\v323rc1.
[DEBUG] Apply dependencies of \phpbb\db\migration\data\v32x\enable_accurate_pm_button.
[DEBUG] Installing Data: \phpbb\db\migration\data\v32x\enable_accurate_pm_button.
[INFO] Installed Data: \phpbb\db\migration\data\v32x\enable_accurate_pm_button; Time: 0.00 seconds
[DEBUG] Migration already effectively installed (skipped): \phpbb\db\migration\data\v32x\merge_duplicate_bbcodes
[DEBUG] Migration already effectively installed (skipped): \phpbb\db\migration\data\v32x\user_notifications_table_unique_index
[DEBUG] Apply dependencies of \phpbb\db\migration\data\v32x\jquery_update.
[DEBUG] Apply dependencies of \phpbb\db\migration\data\v32x\v325rc1.
[DEBUG] Apply dependencies of \phpbb\db\migration\data\v32x\v324.
[DEBUG] Apply dependencies of \phpbb\db\migration\data\v32x\v324rc1.
[DEBUG] Apply dependencies of \phpbb\db\migration\data\v32x\v323.
[DEBUG] Apply dependencies of \phpbb\db\migration\data\v32x\v323rc2.
[DEBUG] Apply dependencies of \phpbb\db\migration\data\v32x\v323rc1.
[DEBUG] Installing Schema: \phpbb\db\migration\data\v32x\v323rc1.
[INFO] Installed Schema: \phpbb\db\migration\data\v32x\v323rc1; Time: 0.00 seconds
[DEBUG] Migration already effectively installed (skipped): \phpbb\db\migration\data\v32x\merge_duplicate_bbcodes
[DEBUG] Migration already effectively installed (skipped): \phpbb\db\migration\data\v32x\user_notifications_table_unique_index
[DEBUG] Apply dependencies of \phpbb\db\migration\data\v32x\jquery_update.
[DEBUG] Apply dependencies of \phpbb\db\migration\data\v32x\v325rc1.
[DEBUG] Apply dependencies of \phpbb\db\migration\data\v32x\v324.
[DEBUG] Apply dependencies of \phpbb\db\migration\data\v32x\v324rc1.
[DEBUG] Apply dependencies of \phpbb\db\migration\data\v32x\v323.
[DEBUG] Apply dependencies of \phpbb\db\migration\data\v32x\v323rc2.
[DEBUG] Apply dependencies of \phpbb\db\migration\data\v32x\v323rc1.
[DEBUG] Installing Data: \phpbb\db\migration\data\v32x\v323rc1.
[INFO] Installed Data: \phpbb\db\migration\data\v32x\v323rc1; Time: 0.00 seconds
[DEBUG] Migration already effectively installed (skipped): \phpbb\db\migration\data\v32x\merge_duplicate_bbcodes
[DEBUG] Migration already effectively installed (skipped): \phpbb\db\migration\data\v32x\user_notifications_table_unique_index
[DEBUG] Apply dependencies of \phpbb\db\migration\data\v32x\jquery_update.
[DEBUG] Apply dependencies of \phpbb\db\migration\data\v32x\v325rc1.
[DEBUG] Apply dependencies of \phpbb\db\migration\data\v32x\v324.
[DEBUG] Apply dependencies of \phpbb\db\migration\data\v32x\v324rc1.
[DEBUG] Apply dependencies of \phpbb\db\migration\data\v32x\v323.
[DEBUG] Apply dependencies of \phpbb\db\migration\data\v32x\v323rc2.
[DEBUG] Installing Schema: \phpbb\db\migration\data\v32x\v323rc2.
[INFO] Installed Schema: \phpbb\db\migration\data\v32x\v323rc2; Time: 0.00 seconds
[DEBUG] Migration already effectively installed (skipped): \phpbb\db\migration\data\v32x\merge_duplicate_bbcodes
[DEBUG] Migration already effectively installed (skipped): \phpbb\db\migration\data\v32x\user_notifications_table_unique_index
[DEBUG] Apply dependencies of \phpbb\db\migration\data\v32x\jquery_update.
[DEBUG] Apply dependencies of \phpbb\db\migration\data\v32x\v325rc1.
[DEBUG] Apply dependencies of \phpbb\db\migration\data\v32x\v324.
[DEBUG] Apply dependencies of \phpbb\db\migration\data\v32x\v324rc1.
[DEBUG] Apply dependencies of \phpbb\db\migration\data\v32x\v323.
[DEBUG] Apply dependencies of \phpbb\db\migration\data\v32x\v323rc2.
[DEBUG] Installing Data: \phpbb\db\migration\data\v32x\v323rc2.
[INFO] Installed Data: \phpbb\db\migration\data\v32x\v323rc2; Time: 0.00 seconds
[DEBUG] Migration already effectively installed (skipped): \phpbb\db\migration\data\v32x\merge_duplicate_bbcodes
[DEBUG] Migration already effectively installed (skipped): \phpbb\db\migration\data\v32x\user_notifications_table_unique_index
[DEBUG] Apply dependencies of \phpbb\db\migration\data\v32x\jquery_update.
[DEBUG] Apply dependencies of \phpbb\db\migration\data\v32x\v325rc1.
[DEBUG] Apply dependencies of \phpbb\db\migration\data\v32x\v324.
[DEBUG] Apply dependencies of \phpbb\db\migration\data\v32x\v324rc1.
[DEBUG] Apply dependencies of \phpbb\db\migration\data\v32x\v323.
[DEBUG] Installing Schema: \phpbb\db\migration\data\v32x\v323.
[INFO] Installed Schema: \phpbb\db\migration\data\v32x\v323; Time: 0.00 seconds
[DEBUG] Migration already effectively installed (skipped): \phpbb\db\migration\data\v32x\merge_duplicate_bbcodes
[DEBUG] Migration already effectively installed (skipped): \phpbb\db\migration\data\v32x\user_notifications_table_unique_index
[DEBUG] Apply dependencies of \phpbb\db\migration\data\v32x\jquery_update.
[DEBUG] Apply dependencies of \phpbb\db\migration\data\v32x\v325rc1.
[DEBUG] Apply dependencies of \phpbb\db\migration\data\v32x\v324.
[DEBUG] Apply dependencies of \phpbb\db\migration\data\v32x\v324rc1.
[DEBUG] Apply dependencies of \phpbb\db\migration\data\v32x\v323.
[DEBUG] Installing Data: \phpbb\db\migration\data\v32x\v323.
[INFO] Installed Data: \phpbb\db\migration\data\v32x\v323; Time: 0.00 seconds
[DEBUG] Migration already effectively installed (skipped): \phpbb\db\migration\data\v32x\merge_duplicate_bbcodes
[DEBUG] Migration already effectively installed (skipped): \phpbb\db\migration\data\v32x\user_notifications_table_unique_index
[DEBUG] Apply dependencies of \phpbb\db\migration\data\v32x\jquery_update.
[DEBUG] Apply dependencies of \phpbb\db\migration\data\v32x\v325rc1.
[DEBUG] Apply dependencies of \phpbb\db\migration\data\v32x\v324.
[DEBUG] Apply dependencies of \phpbb\db\migration\data\v32x\v324rc1.
[DEBUG] Apply dependencies of \phpbb\db\migration\data\v32x\forum_topics_per_page_type.
[DEBUG] Installing Schema: \phpbb\db\migration\data\v32x\forum_topics_per_page_type.
[INFO] Installed Schema: \phpbb\db\migration\data\v32x\forum_topics_per_page_type; Time: 0.02 seconds
[DEBUG] Migration already effectively installed (skipped): \phpbb\db\migration\data\v32x\merge_duplicate_bbcodes
[DEBUG] Migration already effectively installed (skipped): \phpbb\db\migration\data\v32x\user_notifications_table_unique_index
[DEBUG] Apply dependencies of \phpbb\db\migration\data\v32x\jquery_update.
[DEBUG] Apply dependencies of \phpbb\db\migration\data\v32x\v325rc1.
[DEBUG] Apply dependencies of \phpbb\db\migration\data\v32x\v324.
[DEBUG] Apply dependencies of \phpbb\db\migration\data\v32x\v324rc1.
[DEBUG] Apply dependencies of \phpbb\db\migration\data\v32x\forum_topics_per_page_type.
[DEBUG] Installing Data: \phpbb\db\migration\data\v32x\forum_topics_per_page_type.
[INFO] Installed Data: \phpbb\db\migration\data\v32x\forum_topics_per_page_type; Time: 0.00 seconds
[DEBUG] Migration already effectively installed (skipped): \phpbb\db\migration\data\v32x\merge_duplicate_bbcodes
[DEBUG] Migration already effectively installed (skipped): \phpbb\db\migration\data\v32x\user_notifications_table_unique_index
[DEBUG] Apply dependencies of \phpbb\db\migration\data\v32x\jquery_update.
[DEBUG] Apply dependencies of \phpbb\db\migration\data\v32x\v325rc1.
[DEBUG] Apply dependencies of \phpbb\db\migration\data\v32x\v324.
[DEBUG] Apply dependencies of \phpbb\db\migration\data\v32x\v324rc1.
[DEBUG] Installing Schema: \phpbb\db\migration\data\v32x\v324rc1.
[INFO] Installed Schema: \phpbb\db\migration\data\v32x\v324rc1; Time: 0.00 seconds
[DEBUG] Migration already effectively installed (skipped): \phpbb\db\migration\data\v32x\merge_duplicate_bbcodes
[DEBUG] Migration already effectively installed (skipped): \phpbb\db\migration\data\v32x\user_notifications_table_unique_index
[DEBUG] Apply dependencies of \phpbb\db\migration\data\v32x\jquery_update.
[DEBUG] Apply dependencies of \phpbb\db\migration\data\v32x\v325rc1.
[DEBUG] Apply dependencies of \phpbb\db\migration\data\v32x\v324.
[DEBUG] Apply dependencies of \phpbb\db\migration\data\v32x\v324rc1.
[DEBUG] Installing Data: \phpbb\db\migration\data\v32x\v324rc1.
[INFO] Installed Data: \phpbb\db\migration\data\v32x\v324rc1; Time: 0.00 seconds
[DEBUG] Migration already effectively installed (skipped): \phpbb\db\migration\data\v32x\merge_duplicate_bbcodes
[DEBUG] Migration already effectively installed (skipped): \phpbb\db\migration\data\v32x\user_notifications_table_unique_index
[DEBUG] Apply dependencies of \phpbb\db\migration\data\v32x\jquery_update.
[DEBUG] Apply dependencies of \phpbb\db\migration\data\v32x\v325rc1.
[DEBUG] Apply dependencies of \phpbb\db\migration\data\v32x\v324.
[DEBUG] Apply dependencies of \phpbb\db\migration\data\v32x\remove_imagick.
[DEBUG] Installing Schema: \phpbb\db\migration\data\v32x\remove_imagick.
[INFO] Installed Schema: \phpbb\db\migration\data\v32x\remove_imagick; Time: 0.00 seconds
[DEBUG] Migration already effectively installed (skipped): \phpbb\db\migration\data\v32x\merge_duplicate_bbcodes
[DEBUG] Migration already effectively installed (skipped): \phpbb\db\migration\data\v32x\user_notifications_table_unique_index
[DEBUG] Apply dependencies of \phpbb\db\migration\data\v32x\jquery_update.
[DEBUG] Apply dependencies of \phpbb\db\migration\data\v32x\v325rc1.
[DEBUG] Apply dependencies of \phpbb\db\migration\data\v32x\v324.
[DEBUG] Apply dependencies of \phpbb\db\migration\data\v32x\remove_imagick.
[DEBUG] Installing Data: \phpbb\db\migration\data\v32x\remove_imagick.
[INFO] Installed Data: \phpbb\db\migration\data\v32x\remove_imagick; Time: 0.00 seconds
[DEBUG] Migration already effectively installed (skipped): \phpbb\db\migration\data\v32x\merge_duplicate_bbcodes
[DEBUG] Migration already effectively installed (skipped): \phpbb\db\migration\data\v32x\user_notifications_table_unique_index
[DEBUG] Apply dependencies of \phpbb\db\migration\data\v32x\jquery_update.
[DEBUG] Apply dependencies of \phpbb\db\migration\data\v32x\v325rc1.
[DEBUG] Apply dependencies of \phpbb\db\migration\data\v32x\v324.
[DEBUG] Installing Schema: \phpbb\db\migration\data\v32x\v324.
[INFO] Installed Schema: \phpbb\db\migration\data\v32x\v324; Time: 0.00 seconds
[DEBUG] Migration already effectively installed (skipped): \phpbb\db\migration\data\v32x\merge_duplicate_bbcodes
[DEBUG] Migration already effectively installed (skipped): \phpbb\db\migration\data\v32x\user_notifications_table_unique_index
[DEBUG] Apply dependencies of \phpbb\db\migration\data\v32x\jquery_update.
[DEBUG] Apply dependencies of \phpbb\db\migration\data\v32x\v325rc1.
[DEBUG] Apply dependencies of \phpbb\db\migration\data\v32x\v324.
[DEBUG] Installing Data: \phpbb\db\migration\data\v32x\v324.
[INFO] Installed Data: \phpbb\db\migration\data\v32x\v324; Time: 0.00 seconds
[DEBUG] Migration already effectively installed (skipped): \phpbb\db\migration\data\v32x\merge_duplicate_bbcodes
[DEBUG] Migration already effectively installed (skipped): \phpbb\db\migration\data\v32x\user_notifications_table_unique_index
[DEBUG] Apply dependencies of \phpbb\db\migration\data\v32x\jquery_update.
[DEBUG] Apply dependencies of \phpbb\db\migration\data\v32x\v325rc1.
[DEBUG] Installing Schema: \phpbb\db\migration\data\v32x\v325rc1.
[INFO] Installed Schema: \phpbb\db\migration\data\v32x\v325rc1; Time: 0.00 seconds
[DEBUG] Migration already effectively installed (skipped): \phpbb\db\migration\data\v32x\merge_duplicate_bbcodes
[DEBUG] Migration already effectively installed (skipped): \phpbb\db\migration\data\v32x\user_notifications_table_unique_index
[DEBUG] Apply dependencies of \phpbb\db\migration\data\v32x\jquery_update.
[DEBUG] Apply dependencies of \phpbb\db\migration\data\v32x\v325rc1.
[DEBUG] Installing Data: \phpbb\db\migration\data\v32x\v325rc1.
[INFO] Installed Data: \phpbb\db\migration\data\v32x\v325rc1; Time: 0.00 seconds
[DEBUG] Migration already effectively installed (skipped): \phpbb\db\migration\data\v32x\merge_duplicate_bbcodes
[DEBUG] Migration already effectively installed (skipped): \phpbb\db\migration\data\v32x\user_notifications_table_unique_index
[DEBUG] Apply dependencies of \phpbb\db\migration\data\v32x\jquery_update.
[DEBUG] Installing Schema: \phpbb\db\migration\data\v32x\jquery_update.
[INFO] Installed Schema: \phpbb\db\migration\data\v32x\jquery_update; Time: 0.00 seconds
[DEBUG] Migration already effectively installed (skipped): \phpbb\db\migration\data\v32x\merge_duplicate_bbcodes
[DEBUG] Migration already effectively installed (skipped): \phpbb\db\migration\data\v32x\user_notifications_table_unique_index
[DEBUG] Apply dependencies of \phpbb\db\migration\data\v32x\jquery_update.
[DEBUG] Installing Data: \phpbb\db\migration\data\v32x\jquery_update.
[INFO] Installed Data: \phpbb\db\migration\data\v32x\jquery_update; Time: 0.00 seconds
[DEBUG] Migration already effectively installed (skipped): \phpbb\db\migration\data\v32x\merge_duplicate_bbcodes
[DEBUG] Migration already effectively installed (skipped): \phpbb\db\migration\data\v32x\user_notifications_table_unique_index
[DEBUG] Migration already effectively installed (skipped): \phpbb\db\migration\data\v32x\jquery_update
[DEBUG] Migration already effectively installed (skipped): \phpbb\db\migration\data\v32x\v322rc1
[DEBUG] Migration already effectively installed (skipped): \phpbb\db\migration\data\v32x\v323rc2
[DEBUG] Migration already effectively installed (skipped): \phpbb\db\migration\data\v32x\forum_topics_per_page_type
[DEBUG] Migration already effectively installed (skipped): \phpbb\db\migration\data\v32x\user_notifications_table_temp_index
[DEBUG] Migration already effectively installed (skipped): \phpbb\db\migration\data\v32x\user_notifications_table_index_p1
[DEBUG] Migration already effectively installed (skipped): \phpbb\db\migration\data\v32x\user_notifications_table_reduce_column_sizes
[DEBUG] Apply dependencies of \phpbb\db\migration\data\v32x\v326rc1.
[DEBUG] Apply dependencies of \phpbb\db\migration\data\v32x\v325.
[DEBUG] Installing Schema: \phpbb\db\migration\data\v32x\v325.
[INFO] Installed Schema: \phpbb\db\migration\data\v32x\v325; Time: 0.00 seconds
[DEBUG] Migration already effectively installed (skipped): \phpbb\db\migration\data\v32x\merge_duplicate_bbcodes
[DEBUG] Migration already effectively installed (skipped): \phpbb\db\migration\data\v32x\user_notifications_table_unique_index
[DEBUG] Migration already effectively installed (skipped): \phpbb\db\migration\data\v32x\jquery_update
[DEBUG] Migration already effectively installed (skipped): \phpbb\db\migration\data\v32x\v322rc1
[DEBUG] Migration already effectively installed (skipped): \phpbb\db\migration\data\v32x\v323rc2
[DEBUG] Migration already effectively installed (skipped): \phpbb\db\migration\data\v32x\forum_topics_per_page_type
[DEBUG] Migration already effectively installed (skipped): \phpbb\db\migration\data\v32x\user_notifications_table_temp_index
[DEBUG] Migration already effectively installed (skipped): \phpbb\db\migration\data\v32x\user_notifications_table_index_p1
[DEBUG] Migration already effectively installed (skipped): \phpbb\db\migration\data\v32x\user_notifications_table_reduce_column_sizes
[DEBUG] Apply dependencies of \phpbb\db\migration\data\v32x\v326rc1.
[DEBUG] Apply dependencies of \phpbb\db\migration\data\v32x\v325.
[DEBUG] Installing Data: \phpbb\db\migration\data\v32x\v325.
[INFO] Installed Data: \phpbb\db\migration\data\v32x\v325; Time: 0.00 seconds
[DEBUG] Migration already effectively installed (skipped): \phpbb\db\migration\data\v32x\merge_duplicate_bbcodes
[DEBUG] Migration already effectively installed (skipped): \phpbb\db\migration\data\v32x\user_notifications_table_unique_index
[DEBUG] Migration already effectively installed (skipped): \phpbb\db\migration\data\v32x\jquery_update
[DEBUG] Migration already effectively installed (skipped): \phpbb\db\migration\data\v32x\v322rc1
[DEBUG] Migration already effectively installed (skipped): \phpbb\db\migration\data\v32x\v323rc2
[DEBUG] Migration already effectively installed (skipped): \phpbb\db\migration\data\v32x\forum_topics_per_page_type
[DEBUG] Migration already effectively installed (skipped): \phpbb\db\migration\data\v32x\user_notifications_table_temp_index
[DEBUG] Migration already effectively installed (skipped): \phpbb\db\migration\data\v32x\user_notifications_table_index_p1
[DEBUG] Migration already effectively installed (skipped): \phpbb\db\migration\data\v32x\user_notifications_table_reduce_column_sizes
[DEBUG] Apply dependencies of \phpbb\db\migration\data\v32x\v326rc1.
[DEBUG] Installing Schema: \phpbb\db\migration\data\v32x\v326rc1.
[INFO] Installed Schema: \phpbb\db\migration\data\v32x\v326rc1; Time: 0.00 seconds
[DEBUG] Migration already effectively installed (skipped): \phpbb\db\migration\data\v32x\merge_duplicate_bbcodes
[DEBUG] Migration already effectively installed (skipped): \phpbb\db\migration\data\v32x\user_notifications_table_unique_index
[DEBUG] Migration already effectively installed (skipped): \phpbb\db\migration\data\v32x\jquery_update
[DEBUG] Migration already effectively installed (skipped): \phpbb\db\migration\data\v32x\v322rc1
[DEBUG] Migration already effectively installed (skipped): \phpbb\db\migration\data\v32x\v323rc2
[DEBUG] Migration already effectively installed (skipped): \phpbb\db\migration\data\v32x\forum_topics_per_page_type
[DEBUG] Migration already effectively installed (skipped): \phpbb\db\migration\data\v32x\user_notifications_table_temp_index
[DEBUG] Migration already effectively installed (skipped): \phpbb\db\migration\data\v32x\user_notifications_table_index_p1
[DEBUG] Migration already effectively installed (skipped): \phpbb\db\migration\data\v32x\user_notifications_table_reduce_column_sizes
[DEBUG] Apply dependencies of \phpbb\db\migration\data\v32x\v326rc1.
[DEBUG] Installing Data: \phpbb\db\migration\data\v32x\v326rc1.
[INFO] Installed Data: \phpbb\db\migration\data\v32x\v326rc1; Time: 0.00 seconds
[DEBUG] Migration already effectively installed (skipped): \phpbb\db\migration\data\v32x\merge_duplicate_bbcodes
[DEBUG] Migration already effectively installed (skipped): \phpbb\db\migration\data\v32x\user_notifications_table_unique_index
[DEBUG] Migration already effectively installed (skipped): \phpbb\db\migration\data\v32x\jquery_update
[DEBUG] Migration already effectively installed (skipped): \phpbb\db\migration\data\v32x\v322rc1
[DEBUG] Migration already effectively installed (skipped): \phpbb\db\migration\data\v32x\v323rc2
[DEBUG] Migration already effectively installed (skipped): \phpbb\db\migration\data\v32x\forum_topics_per_page_type
[DEBUG] Migration already effectively installed (skipped): \phpbb\db\migration\data\v32x\user_notifications_table_temp_index
[DEBUG] Migration already effectively installed (skipped): \phpbb\db\migration\data\v32x\user_notifications_table_index_p1
[DEBUG] Migration already effectively installed (skipped): \phpbb\db\migration\data\v32x\user_notifications_table_reduce_column_sizes
[DEBUG] Migration already effectively installed (skipped): \phpbb\db\migration\data\v32x\v326rc1
[DEBUG] Migration already effectively installed (skipped): \phpbb\db\migration\data\v32x\update_prosilver_bitfield
[DEBUG] Migration already effectively installed (skipped): \phpbb\db\migration\data\v32x\load_user_activity_limit
[DEBUG] Migration already effectively installed (skipped): \phpbb\db\migration\data\v32x\v321
[DEBUG] Apply dependencies of \phpbb\db\migration\data\v32x\v326.
[DEBUG] Apply dependencies of \phpbb\db\migration\data\v32x\disable_remote_avatar.
[DEBUG] Installing Schema: \phpbb\db\migration\data\v32x\disable_remote_avatar.
[INFO] Installed Schema: \phpbb\db\migration\data\v32x\disable_remote_avatar; Time: 0.00 seconds
[DEBUG] Migration already effectively installed (skipped): \phpbb\db\migration\data\v32x\merge_duplicate_bbcodes
[DEBUG] Migration already effectively installed (skipped): \phpbb\db\migration\data\v32x\user_notifications_table_unique_index
[DEBUG] Migration already effectively installed (skipped): \phpbb\db\migration\data\v32x\jquery_update
[DEBUG] Migration already effectively installed (skipped): \phpbb\db\migration\data\v32x\v322rc1
[DEBUG] Migration already effectively installed (skipped): \phpbb\db\migration\data\v32x\v323rc2
[DEBUG] Migration already effectively installed (skipped): \phpbb\db\migration\data\v32x\forum_topics_per_page_type
[DEBUG] Migration already effectively installed (skipped): \phpbb\db\migration\data\v32x\user_notifications_table_temp_index
[DEBUG] Migration already effectively installed (skipped): \phpbb\db\migration\data\v32x\user_notifications_table_index_p1
[DEBUG] Migration already effectively installed (skipped): \phpbb\db\migration\data\v32x\user_notifications_table_reduce_column_sizes
[DEBUG] Migration already effectively installed (skipped): \phpbb\db\migration\data\v32x\v326rc1
[DEBUG] Migration already effectively installed (skipped): \phpbb\db\migration\data\v32x\update_prosilver_bitfield
[DEBUG] Migration already effectively installed (skipped): \phpbb\db\migration\data\v32x\load_user_activity_limit
[DEBUG] Migration already effectively installed (skipped): \phpbb\db\migration\data\v32x\v321
[DEBUG] Apply dependencies of \phpbb\db\migration\data\v32x\v326.
[DEBUG] Apply dependencies of \phpbb\db\migration\data\v32x\disable_remote_avatar.
[DEBUG] Installing Data: \phpbb\db\migration\data\v32x\disable_remote_avatar.
[DEBUG] Installing Data: \phpbb\db\migration\data\v32x\disable_remote_avatar; Time: 0.00 seconds
[DEBUG] Migration already effectively installed (skipped): \phpbb\db\migration\data\v32x\merge_duplicate_bbcodes
[DEBUG] Migration already effectively installed (skipped): \phpbb\db\migration\data\v32x\user_notifications_table_unique_index
[DEBUG] Migration already effectively installed (skipped): \phpbb\db\migration\data\v32x\jquery_update
[DEBUG] Migration already effectively installed (skipped): \phpbb\db\migration\data\v32x\v322rc1
[DEBUG] Migration already effectively installed (skipped): \phpbb\db\migration\data\v32x\v323rc2
[DEBUG] Migration already effectively installed (skipped): \phpbb\db\migration\data\v32x\forum_topics_per_page_type
[DEBUG] Migration already effectively installed (skipped): \phpbb\db\migration\data\v32x\user_notifications_table_temp_index
[DEBUG] Migration already effectively installed (skipped): \phpbb\db\migration\data\v32x\user_notifications_table_index_p1
[DEBUG] Migration already effectively installed (skipped): \phpbb\db\migration\data\v32x\user_notifications_table_reduce_column_sizes
[DEBUG] Migration already effectively installed (skipped): \phpbb\db\migration\data\v32x\v326rc1
[DEBUG] Migration already effectively installed (skipped): \phpbb\db\migration\data\v32x\update_prosilver_bitfield
[DEBUG] Migration already effectively installed (skipped): \phpbb\db\migration\data\v32x\load_user_activity_limit
[DEBUG] Migration already effectively installed (skipped): \phpbb\db\migration\data\v32x\v321
[DEBUG] Apply dependencies of \phpbb\db\migration\data\v32x\v326.
[DEBUG] Apply dependencies of \phpbb\db\migration\data\v32x\disable_remote_avatar.
[DEBUG] Installing Data: \phpbb\db\migration\data\v32x\disable_remote_avatar.
[INFO] Installed Data: \phpbb\db\migration\data\v32x\disable_remote_avatar; Time: 0.00 seconds
[DEBUG] Migration already effectively installed (skipped): \phpbb\db\migration\data\v32x\merge_duplicate_bbcodes
[DEBUG] Migration already effectively installed (skipped): \phpbb\db\migration\data\v32x\user_notifications_table_unique_index
[DEBUG] Migration already effectively installed (skipped): \phpbb\db\migration\data\v32x\jquery_update
[DEBUG] Migration already effectively installed (skipped): \phpbb\db\migration\data\v32x\v322rc1
[DEBUG] Migration already effectively installed (skipped): \phpbb\db\migration\data\v32x\v323rc2
[DEBUG] Migration already effectively installed (skipped): \phpbb\db\migration\data\v32x\forum_topics_per_page_type
[DEBUG] Migration already effectively installed (skipped): \phpbb\db\migration\data\v32x\user_notifications_table_temp_index
[DEBUG] Migration already effectively installed (skipped): \phpbb\db\migration\data\v32x\user_notifications_table_index_p1
[DEBUG] Migration already effectively installed (skipped): \phpbb\db\migration\data\v32x\user_notifications_table_reduce_column_sizes
[DEBUG] Migration already effectively installed (skipped): \phpbb\db\migration\data\v32x\v326rc1
[DEBUG] Migration already effectively installed (skipped): \phpbb\db\migration\data\v32x\update_prosilver_bitfield
[DEBUG] Migration already effectively installed (skipped): \phpbb\db\migration\data\v32x\load_user_activity_limit
[DEBUG] Migration already effectively installed (skipped): \phpbb\db\migration\data\v32x\v321
[DEBUG] Apply dependencies of \phpbb\db\migration\data\v32x\v326.
[DEBUG] Apply dependencies of \phpbb\db\migration\data\v32x\smtp_dynamic_data.
[DEBUG] Installing Schema: \phpbb\db\migration\data\v32x\smtp_dynamic_data.
[INFO] Installed Schema: \phpbb\db\migration\data\v32x\smtp_dynamic_data; Time: 0.00 seconds
[DEBUG] Migration already effectively installed (skipped): \phpbb\db\migration\data\v32x\merge_duplicate_bbcodes
[DEBUG] Migration already effectively installed (skipped): \phpbb\db\migration\data\v32x\user_notifications_table_unique_index
[DEBUG] Migration already effectively installed (skipped): \phpbb\db\migration\data\v32x\jquery_update
[DEBUG] Migration already effectively installed (skipped): \phpbb\db\migration\data\v32x\v322rc1
[DEBUG] Migration already effectively installed (skipped): \phpbb\db\migration\data\v32x\v323rc2
[DEBUG] Migration already effectively installed (skipped): \phpbb\db\migration\data\v32x\forum_topics_per_page_type
[DEBUG] Migration already effectively installed (skipped): \phpbb\db\migration\data\v32x\user_notifications_table_temp_index
[DEBUG] Migration already effectively installed (skipped): \phpbb\db\migration\data\v32x\user_notifications_table_index_p1
[DEBUG] Migration already effectively installed (skipped): \phpbb\db\migration\data\v32x\user_notifications_table_reduce_column_sizes
[DEBUG] Migration already effectively installed (skipped): \phpbb\db\migration\data\v32x\v326rc1
[DEBUG] Migration already effectively installed (skipped): \phpbb\db\migration\data\v32x\update_prosilver_bitfield
[DEBUG] Migration already effectively installed (skipped): \phpbb\db\migration\data\v32x\load_user_activity_limit
[DEBUG] Migration already effectively installed (skipped): \phpbb\db\migration\data\v32x\v321
[DEBUG] Apply dependencies of \phpbb\db\migration\data\v32x\v326.
[DEBUG] Apply dependencies of \phpbb\db\migration\data\v32x\smtp_dynamic_data.
[DEBUG] Installing Data: \phpbb\db\migration\data\v32x\smtp_dynamic_data.
[INFO] Installed Data: \phpbb\db\migration\data\v32x\smtp_dynamic_data; Time: 0.00 seconds
[DEBUG] Migration already effectively installed (skipped): \phpbb\db\migration\data\v32x\merge_duplicate_bbcodes
[DEBUG] Migration already effectively installed (skipped): \phpbb\db\migration\data\v32x\user_notifications_table_unique_index
[DEBUG] Migration already effectively installed (skipped): \phpbb\db\migration\data\v32x\jquery_update
[DEBUG] Migration already effectively installed (skipped): \phpbb\db\migration\data\v32x\v322rc1
[DEBUG] Migration already effectively installed (skipped): \phpbb\db\migration\data\v32x\v323rc2
[DEBUG] Migration already effectively installed (skipped): \phpbb\db\migration\data\v32x\forum_topics_per_page_type
[DEBUG] Migration already effectively installed (skipped): \phpbb\db\migration\data\v32x\user_notifications_table_temp_index
[DEBUG] Migration already effectively installed (skipped): \phpbb\db\migration\data\v32x\user_notifications_table_index_p1
[DEBUG] Migration already effectively installed (skipped): \phpbb\db\migration\data\v32x\user_notifications_table_reduce_column_sizes
[DEBUG] Migration already effectively installed (skipped): \phpbb\db\migration\data\v32x\v326rc1
[DEBUG] Migration already effectively installed (skipped): \phpbb\db\migration\data\v32x\update_prosilver_bitfield
[DEBUG] Migration already effectively installed (skipped): \phpbb\db\migration\data\v32x\load_user_activity_limit
[DEBUG] Migration already effectively installed (skipped): \phpbb\db\migration\data\v32x\v321
[DEBUG] Apply dependencies of \phpbb\db\migration\data\v32x\v326.
[DEBUG] Installing Schema: \phpbb\db\migration\data\v32x\v326.
[INFO] Installed Schema: \phpbb\db\migration\data\v32x\v326; Time: 0.00 seconds
[DEBUG] Migration already effectively installed (skipped): \phpbb\db\migration\data\v32x\merge_duplicate_bbcodes
[DEBUG] Migration already effectively installed (skipped): \phpbb\db\migration\data\v32x\user_notifications_table_unique_index
[DEBUG] Migration already effectively installed (skipped): \phpbb\db\migration\data\v32x\jquery_update
[DEBUG] Migration already effectively installed (skipped): \phpbb\db\migration\data\v32x\v322rc1
[DEBUG] Migration already effectively installed (skipped): \phpbb\db\migration\data\v32x\v323rc2
[DEBUG] Migration already effectively installed (skipped): \phpbb\db\migration\data\v32x\forum_topics_per_page_type
[DEBUG] Migration already effectively installed (skipped): \phpbb\db\migration\data\v32x\user_notifications_table_temp_index
[DEBUG] Migration already effectively installed (skipped): \phpbb\db\migration\data\v32x\user_notifications_table_index_p1
[DEBUG] Migration already effectively installed (skipped): \phpbb\db\migration\data\v32x\user_notifications_table_reduce_column_sizes
[DEBUG] Migration already effectively installed (skipped): \phpbb\db\migration\data\v32x\v326rc1
[DEBUG] Migration already effectively installed (skipped): \phpbb\db\migration\data\v32x\update_prosilver_bitfield
[DEBUG] Migration already effectively installed (skipped): \phpbb\db\migration\data\v32x\load_user_activity_limit
[DEBUG] Migration already effectively installed (skipped): \phpbb\db\migration\data\v32x\v321
[DEBUG] Apply dependencies of \phpbb\db\migration\data\v32x\v326.
[DEBUG] Installing Data: \phpbb\db\migration\data\v32x\v326.
[INFO] Installed Data: \phpbb\db\migration\data\v32x\v326; Time: 0.00 seconds
