[DEBUG] Migration already effectively installed (skipped): \phpbb\db\migration\data\v30x\release_3_0_8
[DEBUG] Migration already effectively installed (skipped): \phpbb\db\migration\data\v30x\release_3_0_7_rc2
[DEBUG] Migration already effectively installed (skipped): \phpbb\db\migration\data\v30x\release_3_0_9_rc1
[DEBUG] Migration already effectively installed (skipped): \phpbb\db\migration\data\v30x\release_3_0_5_rc1
[DEBUG] Migration already effectively installed (skipped): \phpbb\db\migration\data\v30x\release_3_0_7_pl1
[DEBUG] Migration already effectively installed (skipped): \phpbb\db\migration\data\v30x\release_3_0_11_rc1
[DEBUG] Migration already effectively installed (skipped): \phpbb\db\migration\data\v30x\release_3_0_2_rc1
[DEBUG] Migration already effectively installed (skipped): \phpbb\db\migration\data\v30x\release_3_0_0
[DEBUG] Migration already effectively installed (skipped): \phpbb\db\migration\data\v30x\release_3_0_1_rc1
[DEBUG] Migration already effectively installed (skipped): \phpbb\db\migration\data\v30x\release_3_0_9_rc2
[DEBUG] Migration already effectively installed (skipped): \phpbb\db\migration\data\v30x\release_3_0_12_rc1
[DEBUG] Migration already effectively installed (skipped): \phpbb\db\migration\data\v30x\release_3_0_6_rc3
[DEBUG] Migration already effectively installed (skipped): \phpbb\db\migration\data\v30x\release_3_0_10_rc1
[DEBUG] Migration already effectively installed (skipped): \phpbb\db\migration\data\v30x\release_3_0_3
[DEBUG] Migration already effectively installed (skipped): \phpbb\db\migration\data\v30x\release_3_0_13_pl1
[DEBUG] Migration already effectively installed (skipped): \phpbb\db\migration\data\v30x\release_3_0_13
[DEBUG] Migration already effectively installed (skipped): \phpbb\db\migration\data\v30x\release_3_0_9_rc3
[DEBUG] Migration already effectively installed (skipped): \phpbb\db\migration\data\v30x\release_3_0_5_rc1part2
[DEBUG] Migration already effectively installed (skipped): \phpbb\db\migration\data\v30x\release_3_0_14_rc1
[DEBUG] Migration already effectively installed (skipped): \phpbb\db\migration\data\v30x\release_3_0_4
[DEBUG] Migration already effectively installed (skipped): \phpbb\db\migration\data\v30x\release_3_0_6_rc4
[DEBUG] Migration already effectively installed (skipped): \phpbb\db\migration\data\v30x\local_url_bbcode
[DEBUG] Migration already effectively installed (skipped): \phpbb\db\migration\data\v30x\release_3_0_8_rc1
[DEBUG] Migration already effectively installed (skipped): \phpbb\db\migration\data\v30x\release_3_0_1
[DEBUG] Migration already effectively installed (skipped): \phpbb\db\migration\data\v30x\release_3_0_12
[DEBUG] Migration already effectively installed (skipped): \phpbb\db\migration\data\v30x\release_3_0_7_rc1
[DEBUG] Migration already effectively installed (skipped): \phpbb\db\migration\data\v30x\release_3_0_14
[DEBUG] Migration already effectively installed (skipped): \phpbb\db\migration\data\v30x\release_3_0_5
[DEBUG] Migration already effectively installed (skipped): \phpbb\db\migration\data\v30x\release_3_0_9
[DEBUG] Migration already effectively installed (skipped): \phpbb\db\migration\data\v30x\release_3_0_2
[DEBUG] Migration already effectively installed (skipped): \phpbb\db\migration\data\v30x\release_3_0_10
[DEBUG] Migration already effectively installed (skipped): \phpbb\db\migration\data\v30x\release_3_0_12_rc3
[DEBUG] Migration already effectively installed (skipped): \phpbb\db\migration\data\v30x\release_3_0_11
[DEBUG] Migration already effectively installed (skipped): \phpbb\db\migration\data\v30x\release_3_0_11_rc2
[DEBUG] Migration already effectively installed (skipped): \phpbb\db\migration\data\v30x\release_3_0_3_rc1
[DEBUG] Migration already effectively installed (skipped): \phpbb\db\migration\data\v30x\release_3_0_6
[DEBUG] Migration already effectively installed (skipped): \phpbb\db\migration\data\v30x\release_3_0_9_rc4
[DEBUG] Migration already effectively installed (skipped): \phpbb\db\migration\data\v30x\release_3_0_10_rc2
[DEBUG] Migration already effectively installed (skipped): \phpbb\db\migration\data\v30x\release_3_0_2_rc2
[DEBUG] Migration already effectively installed (skipped): \phpbb\db\migration\data\v30x\release_3_0_6_rc2
[DEBUG] Migration already effectively installed (skipped): \phpbb\db\migration\data\v30x\release_3_0_12_rc2
[DEBUG] Migration already effectively installed (skipped): \phpbb\db\migration\data\v30x\release_3_0_10_rc3
[DEBUG] Migration already effectively installed (skipped): \phpbb\db\migration\data\v30x\release_3_0_7
[DEBUG] Migration already effectively installed (skipped): \phpbb\db\migration\data\v30x\release_3_0_4_rc1
[DEBUG] Migration already effectively installed (skipped): \phpbb\db\migration\data\v30x\release_3_0_13_rc1
[DEBUG] Migration already effectively installed (skipped): \phpbb\db\migration\data\v30x\release_3_0_6_rc1
[DEBUG] Migration already effectively installed (skipped): \phpbb\db\migration\data\v330\forums_legend_limit
[DEBUG] Migration already effectively installed (skipped): \phpbb\db\migration\data\v330\v330b2
[DEBUG] Migration already effectively installed (skipped): \phpbb\db\migration\data\v330\remove_email_hash
[DEBUG] Migration already effectively installed (skipped): \phpbb\db\migration\data\v330\v330
[DEBUG] Migration already effectively installed (skipped): \phpbb\db\migration\data\v330\v330b1
[DEBUG] Migration already effectively installed (skipped): \phpbb\db\migration\data\v330\remove_max_pass_chars
[DEBUG] Migration already effectively installed (skipped): \phpbb\db\migration\data\v330\remove_attachment_flash
[DEBUG] Migration already effectively installed (skipped): \phpbb\db\migration\data\v330\reset_password
[DEBUG] Migration already effectively installed (skipped): \phpbb\db\migration\data\v330\v330rc1
[DEBUG] Migration already effectively installed (skipped): \phpbb\db\migration\data\v330\jquery_update
[DEBUG] Migration already effectively installed (skipped): \phpbb\db\migration\data\v330\dev
[DEBUG] Migration already effectively installed (skipped): \phpbb\db\migration\data\v330\add_display_unapproved_posts_config
[DEBUG] Migration already effectively installed (skipped): \phpbb\db\migration\data\v31x\v318rc1
[DEBUG] Migration already effectively installed (skipped): \phpbb\db\migration\data\v31x\plupload_last_gc_dynamic
[DEBUG] Migration already effectively installed (skipped): \phpbb\db\migration\data\v31x\v3112
[DEBUG] Migration already effectively installed (skipped): \phpbb\db\migration\data\v31x\v314
[DEBUG] Migration already effectively installed (skipped): \phpbb\db\migration\data\v31x\increase_size_of_dateformat
[DEBUG] Migration already effectively installed (skipped): \phpbb\db\migration\data\v31x\m_softdelete_global
[DEBUG] Migration already effectively installed (skipped): \phpbb\db\migration\data\v31x\v317pl1
[DEBUG] Migration already effectively installed (skipped): \phpbb\db\migration\data\v31x\style_update
[DEBUG] Migration already effectively installed (skipped): \phpbb\db\migration\data\v31x\add_latest_topics_index
[DEBUG] Migration already effectively installed (skipped): \phpbb\db\migration\data\v31x\increase_size_of_emotion
[DEBUG] Migration already effectively installed (skipped): \phpbb\db\migration\data\v31x\v3111
[DEBUG] Migration already effectively installed (skipped): \phpbb\db\migration\data\v31x\profilefield_remove_underscore_from_alpha
[DEBUG] Migration already effectively installed (skipped): \phpbb\db\migration\data\v31x\add_log_time_index
[DEBUG] Migration already effectively installed (skipped): \phpbb\db\migration\data\v31x\v3111rc1
[DEBUG] Migration already effectively installed (skipped): \phpbb\db\migration\data\v31x\add_smtp_ssl_context_config_options
[DEBUG] Migration already effectively installed (skipped): \phpbb\db\migration\data\v31x\v312
[DEBUG] Migration already effectively installed (skipped): \phpbb\db\migration\data\v31x\v316
[DEBUG] Migration already effectively installed (skipped): \phpbb\db\migration\data\v31x\v311
[DEBUG] Migration already effectively installed (skipped): \phpbb\db\migration\data\v31x\v317rc1
[DEBUG] Migration already effectively installed (skipped): \phpbb\db\migration\data\v31x\v317
[DEBUG] Migration already effectively installed (skipped): \phpbb\db\migration\data\v31x\update_hashes
[DEBUG] Migration already effectively installed (skipped): \phpbb\db\migration\data\v31x\v3110
[DEBUG] Migration already effectively installed (skipped): \phpbb\db\migration\data\v31x\v3110rc1
[DEBUG] Migration already effectively installed (skipped): \phpbb\db\migration\data\v31x\v315rc1
[DEBUG] Migration already effectively installed (skipped): \phpbb\db\migration\data\v31x\v313rc1
[DEBUG] Migration already effectively installed (skipped): \phpbb\db\migration\data\v31x\v313
[DEBUG] Migration already effectively installed (skipped): \phpbb\db\migration\data\v31x\v319
[DEBUG] Migration already effectively installed (skipped): \phpbb\db\migration\data\v31x\v314rc1
[DEBUG] Migration already effectively installed (skipped): \phpbb\db\migration\data\v31x\v314rc2
[DEBUG] Migration already effectively installed (skipped): \phpbb\db\migration\data\v31x\v319rc1
[DEBUG] Migration already effectively installed (skipped): \phpbb\db\migration\data\v31x\remove_duplicate_migrations
[DEBUG] Migration already effectively installed (skipped): \phpbb\db\migration\data\v31x\v318
[DEBUG] Migration already effectively installed (skipped): \phpbb\db\migration\data\v31x\update_custom_bbcodes_with_idn
[DEBUG] Migration already effectively installed (skipped): \phpbb\db\migration\data\v31x\profilefield_yahoo_update_url
[DEBUG] Migration already effectively installed (skipped): \phpbb\db\migration\data\v31x\v312rc1
[DEBUG] Migration already effectively installed (skipped): \phpbb\db\migration\data\v31x\m_pm_report
[DEBUG] Migration already effectively installed (skipped): \phpbb\db\migration\data\v31x\add_jabber_ssl_context_config_options
[DEBUG] Migration already effectively installed (skipped): \phpbb\db\migration\data\v31x\v313rc2
[DEBUG] Migration already effectively installed (skipped): \phpbb\db\migration\data\v31x\v315
[DEBUG] Migration already effectively installed (skipped): \phpbb\db\migration\data\v31x\v316rc1
[DEBUG] Migration already effectively installed (skipped): \phpbb\db\migration\data\v33x\remove_profilefield_aol
[DEBUG] Migration already effectively installed (skipped): \phpbb\db\migration\data\v33x\v331
[DEBUG] Migration already effectively installed (skipped): \phpbb\db\migration\data\v33x\v334rc1
[DEBUG] Migration already effectively installed (skipped): \phpbb\db\migration\data\v33x\remove_orphaned_roles
[DEBUG] Migration already effectively installed (skipped): \phpbb\db\migration\data\v33x\v332
[DEBUG] Migration already effectively installed (skipped): \phpbb\db\migration\data\v33x\font_awesome_5_rollback
[DEBUG] Migration already effectively installed (skipped): \phpbb\db\migration\data\v33x\v335rc1
[DEBUG] Migration already effectively installed (skipped): \phpbb\db\migration\data\v33x\google_recaptcha_v3
[DEBUG] Migration already effectively installed (skipped): \phpbb\db\migration\data\v33x\v339
[DEBUG] Migration already effectively installed (skipped): \phpbb\db\migration\data\v33x\profilefield_cleanup
[DEBUG] Migration already effectively installed (skipped): \phpbb\db\migration\data\v33x\jquery_update
[DEBUG] Migration already effectively installed (skipped): \phpbb\db\migration\data\v33x\v331rc1
[DEBUG] Migration already effectively installed (skipped): \phpbb\db\migration\data\v33x\v336rc1
[DEBUG] Migration already effectively installed (skipped): \phpbb\db\migration\data\v33x\default_search_return_chars
[DEBUG] Migration already effectively installed (skipped): \phpbb\db\migration\data\v33x\v332rc1
[DEBUG] Migration already effectively installed (skipped): \phpbb\db\migration\data\v33x\v333rc1
[DEBUG] Migration already effectively installed (skipped): \phpbb\db\migration\data\v33x\v337
[DEBUG] Migration already effectively installed (skipped): \phpbb\db\migration\data\v33x\jquery_update_v2
[DEBUG] Migration already effectively installed (skipped): \phpbb\db\migration\data\v33x\font_awesome_5_update
[DEBUG] Migration already effectively installed (skipped): \phpbb\db\migration\data\v33x\add_notification_emails_table
[DEBUG] Migration already effectively installed (skipped): \phpbb\db\migration\data\v33x\fix_display_unapproved_posts_config
[DEBUG] Apply dependencies of \phpbb\db\migration\data\v33x\profilefields_update.
[DEBUG] Installing Schema: \phpbb\db\migration\data\v33x\profilefields_update.
[INFO] Installed Schema: \phpbb\db\migration\data\v33x\profilefields_update; Time: 0.06 seconds
[DEBUG] Migration already effectively installed (skipped): \phpbb\db\migration\data\v30x\release_3_0_8
[DEBUG] Migration already effectively installed (skipped): \phpbb\db\migration\data\v30x\release_3_0_7_rc2
[DEBUG] Migration already effectively installed (skipped): \phpbb\db\migration\data\v30x\release_3_0_9_rc1
[DEBUG] Migration already effectively installed (skipped): \phpbb\db\migration\data\v30x\release_3_0_5_rc1
[DEBUG] Migration already effectively installed (skipped): \phpbb\db\migration\data\v30x\release_3_0_7_pl1
[DEBUG] Migration already effectively installed (skipped): \phpbb\db\migration\data\v30x\release_3_0_11_rc1
[DEBUG] Migration already effectively installed (skipped): \phpbb\db\migration\data\v30x\release_3_0_2_rc1
[DEBUG] Migration already effectively installed (skipped): \phpbb\db\migration\data\v30x\release_3_0_0
[DEBUG] Migration already effectively installed (skipped): \phpbb\db\migration\data\v30x\release_3_0_1_rc1
[DEBUG] Migration already effectively installed (skipped): \phpbb\db\migration\data\v30x\release_3_0_9_rc2
[DEBUG] Migration already effectively installed (skipped): \phpbb\db\migration\data\v30x\release_3_0_12_rc1
[DEBUG] Migration already effectively installed (skipped): \phpbb\db\migration\data\v30x\release_3_0_6_rc3
[DEBUG] Migration already effectively installed (skipped): \phpbb\db\migration\data\v30x\release_3_0_10_rc1
[DEBUG] Migration already effectively installed (skipped): \phpbb\db\migration\data\v30x\release_3_0_3
[DEBUG] Migration already effectively installed (skipped): \phpbb\db\migration\data\v30x\release_3_0_13_pl1
[DEBUG] Migration already effectively installed (skipped): \phpbb\db\migration\data\v30x\release_3_0_13
[DEBUG] Migration already effectively installed (skipped): \phpbb\db\migration\data\v30x\release_3_0_9_rc3
[DEBUG] Migration already effectively installed (skipped): \phpbb\db\migration\data\v30x\release_3_0_5_rc1part2
[DEBUG] Migration already effectively installed (skipped): \phpbb\db\migration\data\v30x\release_3_0_14_rc1
[DEBUG] Migration already effectively installed (skipped): \phpbb\db\migration\data\v30x\release_3_0_4
[DEBUG] Migration already effectively installed (skipped): \phpbb\db\migration\data\v30x\release_3_0_6_rc4
[DEBUG] Migration already effectively installed (skipped): \phpbb\db\migration\data\v30x\local_url_bbcode
[DEBUG] Migration already effectively installed (skipped): \phpbb\db\migration\data\v30x\release_3_0_8_rc1
[DEBUG] Migration already effectively installed (skipped): \phpbb\db\migration\data\v30x\release_3_0_1
[DEBUG] Migration already effectively installed (skipped): \phpbb\db\migration\data\v30x\release_3_0_12
[DEBUG] Migration already effectively installed (skipped): \phpbb\db\migration\data\v30x\release_3_0_7_rc1
[DEBUG] Migration already effectively installed (skipped): \phpbb\db\migration\data\v30x\release_3_0_14
[DEBUG] Migration already effectively installed (skipped): \phpbb\db\migration\data\v30x\release_3_0_5
[DEBUG] Migration already effectively installed (skipped): \phpbb\db\migration\data\v30x\release_3_0_9
[DEBUG] Migration already effectively installed (skipped): \phpbb\db\migration\data\v30x\release_3_0_2
[DEBUG] Migration already effectively installed (skipped): \phpbb\db\migration\data\v30x\release_3_0_10
[DEBUG] Migration already effectively installed (skipped): \phpbb\db\migration\data\v30x\release_3_0_12_rc3
[DEBUG] Migration already effectively installed (skipped): \phpbb\db\migration\data\v30x\release_3_0_11
[DEBUG] Migration already effectively installed (skipped): \phpbb\db\migration\data\v30x\release_3_0_11_rc2
[DEBUG] Migration already effectively installed (skipped): \phpbb\db\migration\data\v30x\release_3_0_3_rc1
[DEBUG] Migration already effectively installed (skipped): \phpbb\db\migration\data\v30x\release_3_0_6
[DEBUG] Migration already effectively installed (skipped): \phpbb\db\migration\data\v30x\release_3_0_9_rc4
[DEBUG] Migration already effectively installed (skipped): \phpbb\db\migration\data\v30x\release_3_0_10_rc2
[DEBUG] Migration already effectively installed (skipped): \phpbb\db\migration\data\v30x\release_3_0_2_rc2
[DEBUG] Migration already effectively installed (skipped): \phpbb\db\migration\data\v30x\release_3_0_6_rc2
[DEBUG] Migration already effectively installed (skipped): \phpbb\db\migration\data\v30x\release_3_0_12_rc2
[DEBUG] Migration already effectively installed (skipped): \phpbb\db\migration\data\v30x\release_3_0_10_rc3
[DEBUG] Migration already effectively installed (skipped): \phpbb\db\migration\data\v30x\release_3_0_7
[DEBUG] Migration already effectively installed (skipped): \phpbb\db\migration\data\v30x\release_3_0_4_rc1
[DEBUG] Migration already effectively installed (skipped): \phpbb\db\migration\data\v30x\release_3_0_13_rc1
[DEBUG] Migration already effectively installed (skipped): \phpbb\db\migration\data\v30x\release_3_0_6_rc1
[DEBUG] Migration already effectively installed (skipped): \phpbb\db\migration\data\v330\forums_legend_limit
[DEBUG] Migration already effectively installed (skipped): \phpbb\db\migration\data\v330\v330b2
[DEBUG] Migration already effectively installed (skipped): \phpbb\db\migration\data\v330\remove_email_hash
[DEBUG] Migration already effectively installed (skipped): \phpbb\db\migration\data\v330\v330
[DEBUG] Migration already effectively installed (skipped): \phpbb\db\migration\data\v330\v330b1
[DEBUG] Migration already effectively installed (skipped): \phpbb\db\migration\data\v330\remove_max_pass_chars
[DEBUG] Migration already effectively installed (skipped): \phpbb\db\migration\data\v330\remove_attachment_flash
[DEBUG] Migration already effectively installed (skipped): \phpbb\db\migration\data\v330\reset_password
[DEBUG] Migration already effectively installed (skipped): \phpbb\db\migration\data\v330\v330rc1
[DEBUG] Migration already effectively installed (skipped): \phpbb\db\migration\data\v330\jquery_update
[DEBUG] Migration already effectively installed (skipped): \phpbb\db\migration\data\v330\dev
[DEBUG] Migration already effectively installed (skipped): \phpbb\db\migration\data\v330\add_display_unapproved_posts_config
[DEBUG] Migration already effectively installed (skipped): \phpbb\db\migration\data\v31x\v318rc1
[DEBUG] Migration already effectively installed (skipped): \phpbb\db\migration\data\v31x\plupload_last_gc_dynamic
[DEBUG] Migration already effectively installed (skipped): \phpbb\db\migration\data\v31x\v3112
[DEBUG] Migration already effectively installed (skipped): \phpbb\db\migration\data\v31x\v314
[DEBUG] Migration already effectively installed (skipped): \phpbb\db\migration\data\v31x\increase_size_of_dateformat
[DEBUG] Migration already effectively installed (skipped): \phpbb\db\migration\data\v31x\m_softdelete_global
[DEBUG] Migration already effectively installed (skipped): \phpbb\db\migration\data\v31x\v317pl1
[DEBUG] Migration already effectively installed (skipped): \phpbb\db\migration\data\v31x\style_update
[DEBUG] Migration already effectively installed (skipped): \phpbb\db\migration\data\v31x\add_latest_topics_index
[DEBUG] Migration already effectively installed (skipped): \phpbb\db\migration\data\v31x\increase_size_of_emotion
[DEBUG] Migration already effectively installed (skipped): \phpbb\db\migration\data\v31x\v3111
[DEBUG] Migration already effectively installed (skipped): \phpbb\db\migration\data\v31x\profilefield_remove_underscore_from_alpha
[DEBUG] Migration already effectively installed (skipped): \phpbb\db\migration\data\v31x\add_log_time_index
[DEBUG] Migration already effectively installed (skipped): \phpbb\db\migration\data\v31x\v3111rc1
[DEBUG] Migration already effectively installed (skipped): \phpbb\db\migration\data\v31x\add_smtp_ssl_context_config_options
[DEBUG] Migration already effectively installed (skipped): \phpbb\db\migration\data\v31x\v312
[DEBUG] Migration already effectively installed (skipped): \phpbb\db\migration\data\v31x\v316
[DEBUG] Migration already effectively installed (skipped): \phpbb\db\migration\data\v31x\v311
[DEBUG] Migration already effectively installed (skipped): \phpbb\db\migration\data\v31x\v317rc1
[DEBUG] Migration already effectively installed (skipped): \phpbb\db\migration\data\v31x\v317
[DEBUG] Migration already effectively installed (skipped): \phpbb\db\migration\data\v31x\update_hashes
[DEBUG] Migration already effectively installed (skipped): \phpbb\db\migration\data\v31x\v3110
[DEBUG] Migration already effectively installed (skipped): \phpbb\db\migration\data\v31x\v3110rc1
[DEBUG] Migration already effectively installed (skipped): \phpbb\db\migration\data\v31x\v315rc1
[DEBUG] Migration already effectively installed (skipped): \phpbb\db\migration\data\v31x\v313rc1
[DEBUG] Migration already effectively installed (skipped): \phpbb\db\migration\data\v31x\v313
[DEBUG] Migration already effectively installed (skipped): \phpbb\db\migration\data\v31x\v319
[DEBUG] Migration already effectively installed (skipped): \phpbb\db\migration\data\v31x\v314rc1
[DEBUG] Migration already effectively installed (skipped): \phpbb\db\migration\data\v31x\v314rc2
[DEBUG] Migration already effectively installed (skipped): \phpbb\db\migration\data\v31x\v319rc1
[DEBUG] Migration already effectively installed (skipped): \phpbb\db\migration\data\v31x\remove_duplicate_migrations
[DEBUG] Migration already effectively installed (skipped): \phpbb\db\migration\data\v31x\v318
[DEBUG] Migration already effectively installed (skipped): \phpbb\db\migration\data\v31x\update_custom_bbcodes_with_idn
[DEBUG] Migration already effectively installed (skipped): \phpbb\db\migration\data\v31x\profilefield_yahoo_update_url
[DEBUG] Migration already effectively installed (skipped): \phpbb\db\migration\data\v31x\v312rc1
[DEBUG] Migration already effectively installed (skipped): \phpbb\db\migration\data\v31x\m_pm_report
[DEBUG] Migration already effectively installed (skipped): \phpbb\db\migration\data\v31x\add_jabber_ssl_context_config_options
[DEBUG] Migration already effectively installed (skipped): \phpbb\db\migration\data\v31x\v313rc2
[DEBUG] Migration already effectively installed (skipped): \phpbb\db\migration\data\v31x\v315
[DEBUG] Migration already effectively installed (skipped): \phpbb\db\migration\data\v31x\v316rc1
[DEBUG] Migration already effectively installed (skipped): \phpbb\db\migration\data\v33x\remove_profilefield_aol
[DEBUG] Migration already effectively installed (skipped): \phpbb\db\migration\data\v33x\v331
[DEBUG] Migration already effectively installed (skipped): \phpbb\db\migration\data\v33x\v334rc1
[DEBUG] Migration already effectively installed (skipped): \phpbb\db\migration\data\v33x\remove_orphaned_roles
[DEBUG] Migration already effectively installed (skipped): \phpbb\db\migration\data\v33x\v332
[DEBUG] Migration already effectively installed (skipped): \phpbb\db\migration\data\v33x\font_awesome_5_rollback
[DEBUG] Migration already effectively installed (skipped): \phpbb\db\migration\data\v33x\v335rc1
[DEBUG] Migration already effectively installed (skipped): \phpbb\db\migration\data\v33x\google_recaptcha_v3
[DEBUG] Migration already effectively installed (skipped): \phpbb\db\migration\data\v33x\v339
[DEBUG] Migration already effectively installed (skipped): \phpbb\db\migration\data\v33x\profilefield_cleanup
[DEBUG] Migration already effectively installed (skipped): \phpbb\db\migration\data\v33x\jquery_update
[DEBUG] Migration already effectively installed (skipped): \phpbb\db\migration\data\v33x\v331rc1
[DEBUG] Migration already effectively installed (skipped): \phpbb\db\migration\data\v33x\v336rc1
[DEBUG] Migration already effectively installed (skipped): \phpbb\db\migration\data\v33x\default_search_return_chars
[DEBUG] Migration already effectively installed (skipped): \phpbb\db\migration\data\v33x\v332rc1
[DEBUG] Migration already effectively installed (skipped): \phpbb\db\migration\data\v33x\v333rc1
[DEBUG] Migration already effectively installed (skipped): \phpbb\db\migration\data\v33x\v337
[DEBUG] Migration already effectively installed (skipped): \phpbb\db\migration\data\v33x\jquery_update_v2
[DEBUG] Migration already effectively installed (skipped): \phpbb\db\migration\data\v33x\font_awesome_5_update
[DEBUG] Migration already effectively installed (skipped): \phpbb\db\migration\data\v33x\add_notification_emails_table
[DEBUG] Migration already effectively installed (skipped): \phpbb\db\migration\data\v33x\fix_display_unapproved_posts_config
[DEBUG] Apply dependencies of \phpbb\db\migration\data\v33x\profilefields_update.
[DEBUG] Installing Data: \phpbb\db\migration\data\v33x\profilefields_update.
[DEBUG] Installing Data: \phpbb\db\migration\data\v33x\profilefields_update; Time: 0.00 seconds
[DEBUG] Migration already effectively installed (skipped): \phpbb\db\migration\data\v30x\release_3_0_8
[DEBUG] Migration already effectively installed (skipped): \phpbb\db\migration\data\v30x\release_3_0_7_rc2
[DEBUG] Migration already effectively installed (skipped): \phpbb\db\migration\data\v30x\release_3_0_9_rc1
[DEBUG] Migration already effectively installed (skipped): \phpbb\db\migration\data\v30x\release_3_0_5_rc1
[DEBUG] Migration already effectively installed (skipped): \phpbb\db\migration\data\v30x\release_3_0_7_pl1
[DEBUG] Migration already effectively installed (skipped): \phpbb\db\migration\data\v30x\release_3_0_11_rc1
[DEBUG] Migration already effectively installed (skipped): \phpbb\db\migration\data\v30x\release_3_0_2_rc1
[DEBUG] Migration already effectively installed (skipped): \phpbb\db\migration\data\v30x\release_3_0_0
[DEBUG] Migration already effectively installed (skipped): \phpbb\db\migration\data\v30x\release_3_0_1_rc1
[DEBUG] Migration already effectively installed (skipped): \phpbb\db\migration\data\v30x\release_3_0_9_rc2
[DEBUG] Migration already effectively installed (skipped): \phpbb\db\migration\data\v30x\release_3_0_12_rc1
[DEBUG] Migration already effectively installed (skipped): \phpbb\db\migration\data\v30x\release_3_0_6_rc3
[DEBUG] Migration already effectively installed (skipped): \phpbb\db\migration\data\v30x\release_3_0_10_rc1
[DEBUG] Migration already effectively installed (skipped): \phpbb\db\migration\data\v30x\release_3_0_3
[DEBUG] Migration already effectively installed (skipped): \phpbb\db\migration\data\v30x\release_3_0_13_pl1
[DEBUG] Migration already effectively installed (skipped): \phpbb\db\migration\data\v30x\release_3_0_13
[DEBUG] Migration already effectively installed (skipped): \phpbb\db\migration\data\v30x\release_3_0_9_rc3
[DEBUG] Migration already effectively installed (skipped): \phpbb\db\migration\data\v30x\release_3_0_5_rc1part2
[DEBUG] Migration already effectively installed (skipped): \phpbb\db\migration\data\v30x\release_3_0_14_rc1
[DEBUG] Migration already effectively installed (skipped): \phpbb\db\migration\data\v30x\release_3_0_4
[DEBUG] Migration already effectively installed (skipped): \phpbb\db\migration\data\v30x\release_3_0_6_rc4
[DEBUG] Migration already effectively installed (skipped): \phpbb\db\migration\data\v30x\local_url_bbcode
[DEBUG] Migration already effectively installed (skipped): \phpbb\db\migration\data\v30x\release_3_0_8_rc1
[DEBUG] Migration already effectively installed (skipped): \phpbb\db\migration\data\v30x\release_3_0_1
[DEBUG] Migration already effectively installed (skipped): \phpbb\db\migration\data\v30x\release_3_0_12
[DEBUG] Migration already effectively installed (skipped): \phpbb\db\migration\data\v30x\release_3_0_7_rc1
[DEBUG] Migration already effectively installed (skipped): \phpbb\db\migration\data\v30x\release_3_0_14
[DEBUG] Migration already effectively installed (skipped): \phpbb\db\migration\data\v30x\release_3_0_5
[DEBUG] Migration already effectively installed (skipped): \phpbb\db\migration\data\v30x\release_3_0_9
[DEBUG] Migration already effectively installed (skipped): \phpbb\db\migration\data\v30x\release_3_0_2
[DEBUG] Migration already effectively installed (skipped): \phpbb\db\migration\data\v30x\release_3_0_10
[DEBUG] Migration already effectively installed (skipped): \phpbb\db\migration\data\v30x\release_3_0_12_rc3
[DEBUG] Migration already effectively installed (skipped): \phpbb\db\migration\data\v30x\release_3_0_11
[DEBUG] Migration already effectively installed (skipped): \phpbb\db\migration\data\v30x\release_3_0_11_rc2
[DEBUG] Migration already effectively installed (skipped): \phpbb\db\migration\data\v30x\release_3_0_3_rc1
[DEBUG] Migration already effectively installed (skipped): \phpbb\db\migration\data\v30x\release_3_0_6
[DEBUG] Migration already effectively installed (skipped): \phpbb\db\migration\data\v30x\release_3_0_9_rc4
[DEBUG] Migration already effectively installed (skipped): \phpbb\db\migration\data\v30x\release_3_0_10_rc2
[DEBUG] Migration already effectively installed (skipped): \phpbb\db\migration\data\v30x\release_3_0_2_rc2
[DEBUG] Migration already effectively installed (skipped): \phpbb\db\migration\data\v30x\release_3_0_6_rc2
[DEBUG] Migration already effectively installed (skipped): \phpbb\db\migration\data\v30x\release_3_0_12_rc2
[DEBUG] Migration already effectively installed (skipped): \phpbb\db\migration\data\v30x\release_3_0_10_rc3
[DEBUG] Migration already effectively installed (skipped): \phpbb\db\migration\data\v30x\release_3_0_7
[DEBUG] Migration already effectively installed (skipped): \phpbb\db\migration\data\v30x\release_3_0_4_rc1
[DEBUG] Migration already effectively installed (skipped): \phpbb\db\migration\data\v30x\release_3_0_13_rc1
[DEBUG] Migration already effectively installed (skipped): \phpbb\db\migration\data\v30x\release_3_0_6_rc1
[DEBUG] Migration already effectively installed (skipped): \phpbb\db\migration\data\v330\forums_legend_limit
[DEBUG] Migration already effectively installed (skipped): \phpbb\db\migration\data\v330\v330b2
[DEBUG] Migration already effectively installed (skipped): \phpbb\db\migration\data\v330\remove_email_hash
[DEBUG] Migration already effectively installed (skipped): \phpbb\db\migration\data\v330\v330
[DEBUG] Migration already effectively installed (skipped): \phpbb\db\migration\data\v330\v330b1
[DEBUG] Migration already effectively installed (skipped): \phpbb\db\migration\data\v330\remove_max_pass_chars
[DEBUG] Migration already effectively installed (skipped): \phpbb\db\migration\data\v330\remove_attachment_flash
[DEBUG] Migration already effectively installed (skipped): \phpbb\db\migration\data\v330\reset_password
[DEBUG] Migration already effectively installed (skipped): \phpbb\db\migration\data\v330\v330rc1
[DEBUG] Migration already effectively installed (skipped): \phpbb\db\migration\data\v330\jquery_update
[DEBUG] Migration already effectively installed (skipped): \phpbb\db\migration\data\v330\dev
[DEBUG] Migration already effectively installed (skipped): \phpbb\db\migration\data\v330\add_display_unapproved_posts_config
[DEBUG] Migration already effectively installed (skipped): \phpbb\db\migration\data\v31x\v318rc1
[DEBUG] Migration already effectively installed (skipped): \phpbb\db\migration\data\v31x\plupload_last_gc_dynamic
[DEBUG] Migration already effectively installed (skipped): \phpbb\db\migration\data\v31x\v3112
[DEBUG] Migration already effectively installed (skipped): \phpbb\db\migration\data\v31x\v314
[DEBUG] Migration already effectively installed (skipped): \phpbb\db\migration\data\v31x\increase_size_of_dateformat
[DEBUG] Migration already effectively installed (skipped): \phpbb\db\migration\data\v31x\m_softdelete_global
[DEBUG] Migration already effectively installed (skipped): \phpbb\db\migration\data\v31x\v317pl1
[DEBUG] Migration already effectively installed (skipped): \phpbb\db\migration\data\v31x\style_update
[DEBUG] Migration already effectively installed (skipped): \phpbb\db\migration\data\v31x\add_latest_topics_index
[DEBUG] Migration already effectively installed (skipped): \phpbb\db\migration\data\v31x\increase_size_of_emotion
[DEBUG] Migration already effectively installed (skipped): \phpbb\db\migration\data\v31x\v3111
[DEBUG] Migration already effectively installed (skipped): \phpbb\db\migration\data\v31x\profilefield_remove_underscore_from_alpha
[DEBUG] Migration already effectively installed (skipped): \phpbb\db\migration\data\v31x\add_log_time_index
[DEBUG] Migration already effectively installed (skipped): \phpbb\db\migration\data\v31x\v3111rc1
[DEBUG] Migration already effectively installed (skipped): \phpbb\db\migration\data\v31x\add_smtp_ssl_context_config_options
[DEBUG] Migration already effectively installed (skipped): \phpbb\db\migration\data\v31x\v312
[DEBUG] Migration already effectively installed (skipped): \phpbb\db\migration\data\v31x\v316
[DEBUG] Migration already effectively installed (skipped): \phpbb\db\migration\data\v31x\v311
[DEBUG] Migration already effectively installed (skipped): \phpbb\db\migration\data\v31x\v317rc1
[DEBUG] Migration already effectively installed (skipped): \phpbb\db\migration\data\v31x\v317
[DEBUG] Migration already effectively installed (skipped): \phpbb\db\migration\data\v31x\update_hashes
[DEBUG] Migration already effectively installed (skipped): \phpbb\db\migration\data\v31x\v3110
[DEBUG] Migration already effectively installed (skipped): \phpbb\db\migration\data\v31x\v3110rc1
[DEBUG] Migration already effectively installed (skipped): \phpbb\db\migration\data\v31x\v315rc1
[DEBUG] Migration already effectively installed (skipped): \phpbb\db\migration\data\v31x\v313rc1
[DEBUG] Migration already effectively installed (skipped): \phpbb\db\migration\data\v31x\v313
[DEBUG] Migration already effectively installed (skipped): \phpbb\db\migration\data\v31x\v319
[DEBUG] Migration already effectively installed (skipped): \phpbb\db\migration\data\v31x\v314rc1
[DEBUG] Migration already effectively installed (skipped): \phpbb\db\migration\data\v31x\v314rc2
[DEBUG] Migration already effectively installed (skipped): \phpbb\db\migration\data\v31x\v319rc1
[DEBUG] Migration already effectively installed (skipped): \phpbb\db\migration\data\v31x\remove_duplicate_migrations
[DEBUG] Migration already effectively installed (skipped): \phpbb\db\migration\data\v31x\v318
[DEBUG] Migration already effectively installed (skipped): \phpbb\db\migration\data\v31x\update_custom_bbcodes_with_idn
[DEBUG] Migration already effectively installed (skipped): \phpbb\db\migration\data\v31x\profilefield_yahoo_update_url
[DEBUG] Migration already effectively installed (skipped): \phpbb\db\migration\data\v31x\v312rc1
[DEBUG] Migration already effectively installed (skipped): \phpbb\db\migration\data\v31x\m_pm_report
[DEBUG] Migration already effectively installed (skipped): \phpbb\db\migration\data\v31x\add_jabber_ssl_context_config_options
[DEBUG] Migration already effectively installed (skipped): \phpbb\db\migration\data\v31x\v313rc2
[DEBUG] Migration already effectively installed (skipped): \phpbb\db\migration\data\v31x\v315
[DEBUG] Migration already effectively installed (skipped): \phpbb\db\migration\data\v31x\v316rc1
[DEBUG] Migration already effectively installed (skipped): \phpbb\db\migration\data\v33x\remove_profilefield_aol
[DEBUG] Migration already effectively installed (skipped): \phpbb\db\migration\data\v33x\v331
[DEBUG] Migration already effectively installed (skipped): \phpbb\db\migration\data\v33x\v334rc1
[DEBUG] Migration already effectively installed (skipped): \phpbb\db\migration\data\v33x\remove_orphaned_roles
[DEBUG] Migration already effectively installed (skipped): \phpbb\db\migration\data\v33x\v332
[DEBUG] Migration already effectively installed (skipped): \phpbb\db\migration\data\v33x\font_awesome_5_rollback
[DEBUG] Migration already effectively installed (skipped): \phpbb\db\migration\data\v33x\v335rc1
[DEBUG] Migration already effectively installed (skipped): \phpbb\db\migration\data\v33x\google_recaptcha_v3
[DEBUG] Migration already effectively installed (skipped): \phpbb\db\migration\data\v33x\v339
[DEBUG] Migration already effectively installed (skipped): \phpbb\db\migration\data\v33x\profilefield_cleanup
[DEBUG] Migration already effectively installed (skipped): \phpbb\db\migration\data\v33x\jquery_update
[DEBUG] Migration already effectively installed (skipped): \phpbb\db\migration\data\v33x\v331rc1
[DEBUG] Migration already effectively installed (skipped): \phpbb\db\migration\data\v33x\v336rc1
[DEBUG] Migration already effectively installed (skipped): \phpbb\db\migration\data\v33x\default_search_return_chars
[DEBUG] Migration already effectively installed (skipped): \phpbb\db\migration\data\v33x\v332rc1
[DEBUG] Migration already effectively installed (skipped): \phpbb\db\migration\data\v33x\v333rc1
[DEBUG] Migration already effectively installed (skipped): \phpbb\db\migration\data\v33x\v337
[DEBUG] Migration already effectively installed (skipped): \phpbb\db\migration\data\v33x\jquery_update_v2
[DEBUG] Migration already effectively installed (skipped): \phpbb\db\migration\data\v33x\font_awesome_5_update
[DEBUG] Migration already effectively installed (skipped): \phpbb\db\migration\data\v33x\add_notification_emails_table
[DEBUG] Migration already effectively installed (skipped): \phpbb\db\migration\data\v33x\fix_display_unapproved_posts_config
[DEBUG] Apply dependencies of \phpbb\db\migration\data\v33x\profilefields_update.
[DEBUG] Installing Data: \phpbb\db\migration\data\v33x\profilefields_update.
[INFO] Installed Data: \phpbb\db\migration\data\v33x\profilefields_update; Time: 0.00 seconds
[DEBUG] Migration already effectively installed (skipped): \phpbb\db\migration\data\v30x\release_3_0_8
[DEBUG] Migration already effectively installed (skipped): \phpbb\db\migration\data\v30x\release_3_0_7_rc2
[DEBUG] Migration already effectively installed (skipped): \phpbb\db\migration\data\v30x\release_3_0_9_rc1
[DEBUG] Migration already effectively installed (skipped): \phpbb\db\migration\data\v30x\release_3_0_5_rc1
[DEBUG] Migration already effectively installed (skipped): \phpbb\db\migration\data\v30x\release_3_0_7_pl1
[DEBUG] Migration already effectively installed (skipped): \phpbb\db\migration\data\v30x\release_3_0_11_rc1
[DEBUG] Migration already effectively installed (skipped): \phpbb\db\migration\data\v30x\release_3_0_2_rc1
[DEBUG] Migration already effectively installed (skipped): \phpbb\db\migration\data\v30x\release_3_0_0
[DEBUG] Migration already effectively installed (skipped): \phpbb\db\migration\data\v30x\release_3_0_1_rc1
[DEBUG] Migration already effectively installed (skipped): \phpbb\db\migration\data\v30x\release_3_0_9_rc2
[DEBUG] Migration already effectively installed (skipped): \phpbb\db\migration\data\v30x\release_3_0_12_rc1
[DEBUG] Migration already effectively installed (skipped): \phpbb\db\migration\data\v30x\release_3_0_6_rc3
[DEBUG] Migration already effectively installed (skipped): \phpbb\db\migration\data\v30x\release_3_0_10_rc1
[DEBUG] Migration already effectively installed (skipped): \phpbb\db\migration\data\v30x\release_3_0_3
[DEBUG] Migration already effectively installed (skipped): \phpbb\db\migration\data\v30x\release_3_0_13_pl1
[DEBUG] Migration already effectively installed (skipped): \phpbb\db\migration\data\v30x\release_3_0_13
[DEBUG] Migration already effectively installed (skipped): \phpbb\db\migration\data\v30x\release_3_0_9_rc3
[DEBUG] Migration already effectively installed (skipped): \phpbb\db\migration\data\v30x\release_3_0_5_rc1part2
[DEBUG] Migration already effectively installed (skipped): \phpbb\db\migration\data\v30x\release_3_0_14_rc1
[DEBUG] Migration already effectively installed (skipped): \phpbb\db\migration\data\v30x\release_3_0_4
[DEBUG] Migration already effectively installed (skipped): \phpbb\db\migration\data\v30x\release_3_0_6_rc4
[DEBUG] Migration already effectively installed (skipped): \phpbb\db\migration\data\v30x\local_url_bbcode
[DEBUG] Migration already effectively installed (skipped): \phpbb\db\migration\data\v30x\release_3_0_8_rc1
[DEBUG] Migration already effectively installed (skipped): \phpbb\db\migration\data\v30x\release_3_0_1
[DEBUG] Migration already effectively installed (skipped): \phpbb\db\migration\data\v30x\release_3_0_12
[DEBUG] Migration already effectively installed (skipped): \phpbb\db\migration\data\v30x\release_3_0_7_rc1
[DEBUG] Migration already effectively installed (skipped): \phpbb\db\migration\data\v30x\release_3_0_14
[DEBUG] Migration already effectively installed (skipped): \phpbb\db\migration\data\v30x\release_3_0_5
[DEBUG] Migration already effectively installed (skipped): \phpbb\db\migration\data\v30x\release_3_0_9
[DEBUG] Migration already effectively installed (skipped): \phpbb\db\migration\data\v30x\release_3_0_2
[DEBUG] Migration already effectively installed (skipped): \phpbb\db\migration\data\v30x\release_3_0_10
[DEBUG] Migration already effectively installed (skipped): \phpbb\db\migration\data\v30x\release_3_0_12_rc3
[DEBUG] Migration already effectively installed (skipped): \phpbb\db\migration\data\v30x\release_3_0_11
[DEBUG] Migration already effectively installed (skipped): \phpbb\db\migration\data\v30x\release_3_0_11_rc2
[DEBUG] Migration already effectively installed (skipped): \phpbb\db\migration\data\v30x\release_3_0_3_rc1
[DEBUG] Migration already effectively installed (skipped): \phpbb\db\migration\data\v30x\release_3_0_6
[DEBUG] Migration already effectively installed (skipped): \phpbb\db\migration\data\v30x\release_3_0_9_rc4
[DEBUG] Migration already effectively installed (skipped): \phpbb\db\migration\data\v30x\release_3_0_10_rc2
[DEBUG] Migration already effectively installed (skipped): \phpbb\db\migration\data\v30x\release_3_0_2_rc2
[DEBUG] Migration already effectively installed (skipped): \phpbb\db\migration\data\v30x\release_3_0_6_rc2
[DEBUG] Migration already effectively installed (skipped): \phpbb\db\migration\data\v30x\release_3_0_12_rc2
[DEBUG] Migration already effectively installed (skipped): \phpbb\db\migration\data\v30x\release_3_0_10_rc3
[DEBUG] Migration already effectively installed (skipped): \phpbb\db\migration\data\v30x\release_3_0_7
[DEBUG] Migration already effectively installed (skipped): \phpbb\db\migration\data\v30x\release_3_0_4_rc1
[DEBUG] Migration already effectively installed (skipped): \phpbb\db\migration\data\v30x\release_3_0_13_rc1
[DEBUG] Migration already effectively installed (skipped): \phpbb\db\migration\data\v30x\release_3_0_6_rc1
[DEBUG] Migration already effectively installed (skipped): \phpbb\db\migration\data\v330\forums_legend_limit
[DEBUG] Migration already effectively installed (skipped): \phpbb\db\migration\data\v330\v330b2
[DEBUG] Migration already effectively installed (skipped): \phpbb\db\migration\data\v330\remove_email_hash
[DEBUG] Migration already effectively installed (skipped): \phpbb\db\migration\data\v330\v330
[DEBUG] Migration already effectively installed (skipped): \phpbb\db\migration\data\v330\v330b1
[DEBUG] Migration already effectively installed (skipped): \phpbb\db\migration\data\v330\remove_max_pass_chars
[DEBUG] Migration already effectively installed (skipped): \phpbb\db\migration\data\v330\remove_attachment_flash
[DEBUG] Migration already effectively installed (skipped): \phpbb\db\migration\data\v330\reset_password
[DEBUG] Migration already effectively installed (skipped): \phpbb\db\migration\data\v330\v330rc1
[DEBUG] Migration already effectively installed (skipped): \phpbb\db\migration\data\v330\jquery_update
[DEBUG] Migration already effectively installed (skipped): \phpbb\db\migration\data\v330\dev
[DEBUG] Migration already effectively installed (skipped): \phpbb\db\migration\data\v330\add_display_unapproved_posts_config
[DEBUG] Migration already effectively installed (skipped): \phpbb\db\migration\data\v31x\v318rc1
[DEBUG] Migration already effectively installed (skipped): \phpbb\db\migration\data\v31x\plupload_last_gc_dynamic
[DEBUG] Migration already effectively installed (skipped): \phpbb\db\migration\data\v31x\v3112
[DEBUG] Migration already effectively installed (skipped): \phpbb\db\migration\data\v31x\v314
[DEBUG] Migration already effectively installed (skipped): \phpbb\db\migration\data\v31x\increase_size_of_dateformat
[DEBUG] Migration already effectively installed (skipped): \phpbb\db\migration\data\v31x\m_softdelete_global
[DEBUG] Migration already effectively installed (skipped): \phpbb\db\migration\data\v31x\v317pl1
[DEBUG] Migration already effectively installed (skipped): \phpbb\db\migration\data\v31x\style_update
[DEBUG] Migration already effectively installed (skipped): \phpbb\db\migration\data\v31x\add_latest_topics_index
[DEBUG] Migration already effectively installed (skipped): \phpbb\db\migration\data\v31x\increase_size_of_emotion
[DEBUG] Migration already effectively installed (skipped): \phpbb\db\migration\data\v31x\v3111
[DEBUG] Migration already effectively installed (skipped): \phpbb\db\migration\data\v31x\profilefield_remove_underscore_from_alpha
[DEBUG] Migration already effectively installed (skipped): \phpbb\db\migration\data\v31x\add_log_time_index
[DEBUG] Migration already effectively installed (skipped): \phpbb\db\migration\data\v31x\v3111rc1
[DEBUG] Migration already effectively installed (skipped): \phpbb\db\migration\data\v31x\add_smtp_ssl_context_config_options
[DEBUG] Migration already effectively installed (skipped): \phpbb\db\migration\data\v31x\v312
[DEBUG] Migration already effectively installed (skipped): \phpbb\db\migration\data\v31x\v316
[DEBUG] Migration already effectively installed (skipped): \phpbb\db\migration\data\v31x\v311
[DEBUG] Migration already effectively installed (skipped): \phpbb\db\migration\data\v31x\v317rc1
[DEBUG] Migration already effectively installed (skipped): \phpbb\db\migration\data\v31x\v317
[DEBUG] Migration already effectively installed (skipped): \phpbb\db\migration\data\v31x\update_hashes
[DEBUG] Migration already effectively installed (skipped): \phpbb\db\migration\data\v31x\v3110
[DEBUG] Migration already effectively installed (skipped): \phpbb\db\migration\data\v31x\v3110rc1
[DEBUG] Migration already effectively installed (skipped): \phpbb\db\migration\data\v31x\v315rc1
[DEBUG] Migration already effectively installed (skipped): \phpbb\db\migration\data\v31x\v313rc1
[DEBUG] Migration already effectively installed (skipped): \phpbb\db\migration\data\v31x\v313
[DEBUG] Migration already effectively installed (skipped): \phpbb\db\migration\data\v31x\v319
[DEBUG] Migration already effectively installed (skipped): \phpbb\db\migration\data\v31x\v314rc1
[DEBUG] Migration already effectively installed (skipped): \phpbb\db\migration\data\v31x\v314rc2
[DEBUG] Migration already effectively installed (skipped): \phpbb\db\migration\data\v31x\v319rc1
[DEBUG] Migration already effectively installed (skipped): \phpbb\db\migration\data\v31x\remove_duplicate_migrations
[DEBUG] Migration already effectively installed (skipped): \phpbb\db\migration\data\v31x\v318
[DEBUG] Migration already effectively installed (skipped): \phpbb\db\migration\data\v31x\update_custom_bbcodes_with_idn
[DEBUG] Migration already effectively installed (skipped): \phpbb\db\migration\data\v31x\profilefield_yahoo_update_url
[DEBUG] Migration already effectively installed (skipped): \phpbb\db\migration\data\v31x\v312rc1
[DEBUG] Migration already effectively installed (skipped): \phpbb\db\migration\data\v31x\m_pm_report
[DEBUG] Migration already effectively installed (skipped): \phpbb\db\migration\data\v31x\add_jabber_ssl_context_config_options
[DEBUG] Migration already effectively installed (skipped): \phpbb\db\migration\data\v31x\v313rc2
[DEBUG] Migration already effectively installed (skipped): \phpbb\db\migration\data\v31x\v315
[DEBUG] Migration already effectively installed (skipped): \phpbb\db\migration\data\v31x\v316rc1
[DEBUG] Migration already effectively installed (skipped): \phpbb\db\migration\data\v33x\remove_profilefield_aol
[DEBUG] Migration already effectively installed (skipped): \phpbb\db\migration\data\v33x\v331
[DEBUG] Migration already effectively installed (skipped): \phpbb\db\migration\data\v33x\v334rc1
[DEBUG] Migration already effectively installed (skipped): \phpbb\db\migration\data\v33x\remove_orphaned_roles
[DEBUG] Migration already effectively installed (skipped): \phpbb\db\migration\data\v33x\v332
[DEBUG] Migration already effectively installed (skipped): \phpbb\db\migration\data\v33x\font_awesome_5_rollback
[DEBUG] Migration already effectively installed (skipped): \phpbb\db\migration\data\v33x\v335rc1
[DEBUG] Migration already effectively installed (skipped): \phpbb\db\migration\data\v33x\google_recaptcha_v3
[DEBUG] Migration already effectively installed (skipped): \phpbb\db\migration\data\v33x\v339
[DEBUG] Migration already effectively installed (skipped): \phpbb\db\migration\data\v33x\profilefield_cleanup
[DEBUG] Migration already effectively installed (skipped): \phpbb\db\migration\data\v33x\jquery_update
[DEBUG] Migration already effectively installed (skipped): \phpbb\db\migration\data\v33x\v331rc1
[DEBUG] Migration already effectively installed (skipped): \phpbb\db\migration\data\v33x\v336rc1
[DEBUG] Migration already effectively installed (skipped): \phpbb\db\migration\data\v33x\default_search_return_chars
[DEBUG] Migration already effectively installed (skipped): \phpbb\db\migration\data\v33x\v332rc1
[DEBUG] Migration already effectively installed (skipped): \phpbb\db\migration\data\v33x\v333rc1
[DEBUG] Migration already effectively installed (skipped): \phpbb\db\migration\data\v33x\v337
[DEBUG] Migration already effectively installed (skipped): \phpbb\db\migration\data\v33x\jquery_update_v2
[DEBUG] Migration already effectively installed (skipped): \phpbb\db\migration\data\v33x\font_awesome_5_update
[DEBUG] Migration already effectively installed (skipped): \phpbb\db\migration\data\v33x\add_notification_emails_table
[DEBUG] Migration already effectively installed (skipped): \phpbb\db\migration\data\v33x\fix_display_unapproved_posts_config
[DEBUG] Migration already effectively installed (skipped): \phpbb\db\migration\data\v33x\profilefields_update
[DEBUG] Migration already effectively installed (skipped): \phpbb\db\migration\data\v33x\v3310rc1
[DEBUG] Migration already effectively installed (skipped): \phpbb\db\migration\data\v33x\v338rc1
[DEBUG] Migration already effectively installed (skipped): \phpbb\db\migration\data\v33x\v334
[DEBUG] Migration already effectively installed (skipped): \phpbb\db\migration\data\v33x\v333
[DEBUG] Migration already effectively installed (skipped): \phpbb\db\migration\data\v33x\v339rc1
[DEBUG] Migration already effectively installed (skipped): \phpbb\db\migration\data\v33x\v335
[DEBUG] Migration already effectively installed (skipped): \phpbb\db\migration\data\v33x\bot_update_v2
[DEBUG] Migration already effectively installed (skipped): \phpbb\db\migration\data\v33x\bot_update
[DEBUG] Migration already effectively installed (skipped): \phpbb\db\migration\data\v33x\v3310
[DEBUG] Migration already effectively installed (skipped): \phpbb\db\migration\data\v33x\extend_bbcode_tooltip
[DEBUG] Migration already effectively installed (skipped): \phpbb\db\migration\data\v33x\v336
[DEBUG] Migration already effectively installed (skipped): \phpbb\db\migration\data\v33x\profilefield_youtube_update
[DEBUG] Apply dependencies of \phpbb\db\migration\data\v33x\v3311.
[DEBUG] Installing Schema: \phpbb\db\migration\data\v33x\v3311.
[INFO] Installed Schema: \phpbb\db\migration\data\v33x\v3311; Time: 0.00 seconds
[DEBUG] Migration already effectively installed (skipped): \phpbb\db\migration\data\v30x\release_3_0_8
[DEBUG] Migration already effectively installed (skipped): \phpbb\db\migration\data\v30x\release_3_0_7_rc2
[DEBUG] Migration already effectively installed (skipped): \phpbb\db\migration\data\v30x\release_3_0_9_rc1
[DEBUG] Migration already effectively installed (skipped): \phpbb\db\migration\data\v30x\release_3_0_5_rc1
[DEBUG] Migration already effectively installed (skipped): \phpbb\db\migration\data\v30x\release_3_0_7_pl1
[DEBUG] Migration already effectively installed (skipped): \phpbb\db\migration\data\v30x\release_3_0_11_rc1
[DEBUG] Migration already effectively installed (skipped): \phpbb\db\migration\data\v30x\release_3_0_2_rc1
[DEBUG] Migration already effectively installed (skipped): \phpbb\db\migration\data\v30x\release_3_0_0
[DEBUG] Migration already effectively installed (skipped): \phpbb\db\migration\data\v30x\release_3_0_1_rc1
[DEBUG] Migration already effectively installed (skipped): \phpbb\db\migration\data\v30x\release_3_0_9_rc2
[DEBUG] Migration already effectively installed (skipped): \phpbb\db\migration\data\v30x\release_3_0_12_rc1
[DEBUG] Migration already effectively installed (skipped): \phpbb\db\migration\data\v30x\release_3_0_6_rc3
[DEBUG] Migration already effectively installed (skipped): \phpbb\db\migration\data\v30x\release_3_0_10_rc1
[DEBUG] Migration already effectively installed (skipped): \phpbb\db\migration\data\v30x\release_3_0_3
[DEBUG] Migration already effectively installed (skipped): \phpbb\db\migration\data\v30x\release_3_0_13_pl1
[DEBUG] Migration already effectively installed (skipped): \phpbb\db\migration\data\v30x\release_3_0_13
[DEBUG] Migration already effectively installed (skipped): \phpbb\db\migration\data\v30x\release_3_0_9_rc3
[DEBUG] Migration already effectively installed (skipped): \phpbb\db\migration\data\v30x\release_3_0_5_rc1part2
[DEBUG] Migration already effectively installed (skipped): \phpbb\db\migration\data\v30x\release_3_0_14_rc1
[DEBUG] Migration already effectively installed (skipped): \phpbb\db\migration\data\v30x\release_3_0_4
[DEBUG] Migration already effectively installed (skipped): \phpbb\db\migration\data\v30x\release_3_0_6_rc4
[DEBUG] Migration already effectively installed (skipped): \phpbb\db\migration\data\v30x\local_url_bbcode
[DEBUG] Migration already effectively installed (skipped): \phpbb\db\migration\data\v30x\release_3_0_8_rc1
[DEBUG] Migration already effectively installed (skipped): \phpbb\db\migration\data\v30x\release_3_0_1
[DEBUG] Migration already effectively installed (skipped): \phpbb\db\migration\data\v30x\release_3_0_12
[DEBUG] Migration already effectively installed (skipped): \phpbb\db\migration\data\v30x\release_3_0_7_rc1
[DEBUG] Migration already effectively installed (skipped): \phpbb\db\migration\data\v30x\release_3_0_14
[DEBUG] Migration already effectively installed (skipped): \phpbb\db\migration\data\v30x\release_3_0_5
[DEBUG] Migration already effectively installed (skipped): \phpbb\db\migration\data\v30x\release_3_0_9
[DEBUG] Migration already effectively installed (skipped): \phpbb\db\migration\data\v30x\release_3_0_2
[DEBUG] Migration already effectively installed (skipped): \phpbb\db\migration\data\v30x\release_3_0_10
[DEBUG] Migration already effectively installed (skipped): \phpbb\db\migration\data\v30x\release_3_0_12_rc3
[DEBUG] Migration already effectively installed (skipped): \phpbb\db\migration\data\v30x\release_3_0_11
[DEBUG] Migration already effectively installed (skipped): \phpbb\db\migration\data\v30x\release_3_0_11_rc2
[DEBUG] Migration already effectively installed (skipped): \phpbb\db\migration\data\v30x\release_3_0_3_rc1
[DEBUG] Migration already effectively installed (skipped): \phpbb\db\migration\data\v30x\release_3_0_6
[DEBUG] Migration already effectively installed (skipped): \phpbb\db\migration\data\v30x\release_3_0_9_rc4
[DEBUG] Migration already effectively installed (skipped): \phpbb\db\migration\data\v30x\release_3_0_10_rc2
[DEBUG] Migration already effectively installed (skipped): \phpbb\db\migration\data\v30x\release_3_0_2_rc2
[DEBUG] Migration already effectively installed (skipped): \phpbb\db\migration\data\v30x\release_3_0_6_rc2
[DEBUG] Migration already effectively installed (skipped): \phpbb\db\migration\data\v30x\release_3_0_12_rc2
[DEBUG] Migration already effectively installed (skipped): \phpbb\db\migration\data\v30x\release_3_0_10_rc3
[DEBUG] Migration already effectively installed (skipped): \phpbb\db\migration\data\v30x\release_3_0_7
[DEBUG] Migration already effectively installed (skipped): \phpbb\db\migration\data\v30x\release_3_0_4_rc1
[DEBUG] Migration already effectively installed (skipped): \phpbb\db\migration\data\v30x\release_3_0_13_rc1
[DEBUG] Migration already effectively installed (skipped): \phpbb\db\migration\data\v30x\release_3_0_6_rc1
[DEBUG] Migration already effectively installed (skipped): \phpbb\db\migration\data\v330\forums_legend_limit
[DEBUG] Migration already effectively installed (skipped): \phpbb\db\migration\data\v330\v330b2
[DEBUG] Migration already effectively installed (skipped): \phpbb\db\migration\data\v330\remove_email_hash
[DEBUG] Migration already effectively installed (skipped): \phpbb\db\migration\data\v330\v330
[DEBUG] Migration already effectively installed (skipped): \phpbb\db\migration\data\v330\v330b1
[DEBUG] Migration already effectively installed (skipped): \phpbb\db\migration\data\v330\remove_max_pass_chars
[DEBUG] Migration already effectively installed (skipped): \phpbb\db\migration\data\v330\remove_attachment_flash
[DEBUG] Migration already effectively installed (skipped): \phpbb\db\migration\data\v330\reset_password
[DEBUG] Migration already effectively installed (skipped): \phpbb\db\migration\data\v330\v330rc1
[DEBUG] Migration already effectively installed (skipped): \phpbb\db\migration\data\v330\jquery_update
[DEBUG] Migration already effectively installed (skipped): \phpbb\db\migration\data\v330\dev
[DEBUG] Migration already effectively installed (skipped): \phpbb\db\migration\data\v330\add_display_unapproved_posts_config
[DEBUG] Migration already effectively installed (skipped): \phpbb\db\migration\data\v31x\v318rc1
[DEBUG] Migration already effectively installed (skipped): \phpbb\db\migration\data\v31x\plupload_last_gc_dynamic
[DEBUG] Migration already effectively installed (skipped): \phpbb\db\migration\data\v31x\v3112
[DEBUG] Migration already effectively installed (skipped): \phpbb\db\migration\data\v31x\v314
[DEBUG] Migration already effectively installed (skipped): \phpbb\db\migration\data\v31x\increase_size_of_dateformat
[DEBUG] Migration already effectively installed (skipped): \phpbb\db\migration\data\v31x\m_softdelete_global
[DEBUG] Migration already effectively installed (skipped): \phpbb\db\migration\data\v31x\v317pl1
[DEBUG] Migration already effectively installed (skipped): \phpbb\db\migration\data\v31x\style_update
[DEBUG] Migration already effectively installed (skipped): \phpbb\db\migration\data\v31x\add_latest_topics_index
[DEBUG] Migration already effectively installed (skipped): \phpbb\db\migration\data\v31x\increase_size_of_emotion
[DEBUG] Migration already effectively installed (skipped): \phpbb\db\migration\data\v31x\v3111
[DEBUG] Migration already effectively installed (skipped): \phpbb\db\migration\data\v31x\profilefield_remove_underscore_from_alpha
[DEBUG] Migration already effectively installed (skipped): \phpbb\db\migration\data\v31x\add_log_time_index
[DEBUG] Migration already effectively installed (skipped): \phpbb\db\migration\data\v31x\v3111rc1
[DEBUG] Migration already effectively installed (skipped): \phpbb\db\migration\data\v31x\add_smtp_ssl_context_config_options
[DEBUG] Migration already effectively installed (skipped): \phpbb\db\migration\data\v31x\v312
[DEBUG] Migration already effectively installed (skipped): \phpbb\db\migration\data\v31x\v316
[DEBUG] Migration already effectively installed (skipped): \phpbb\db\migration\data\v31x\v311
[DEBUG] Migration already effectively installed (skipped): \phpbb\db\migration\data\v31x\v317rc1
[DEBUG] Migration already effectively installed (skipped): \phpbb\db\migration\data\v31x\v317
[DEBUG] Migration already effectively installed (skipped): \phpbb\db\migration\data\v31x\update_hashes
[DEBUG] Migration already effectively installed (skipped): \phpbb\db\migration\data\v31x\v3110
[DEBUG] Migration already effectively installed (skipped): \phpbb\db\migration\data\v31x\v3110rc1
[DEBUG] Migration already effectively installed (skipped): \phpbb\db\migration\data\v31x\v315rc1
[DEBUG] Migration already effectively installed (skipped): \phpbb\db\migration\data\v31x\v313rc1
[DEBUG] Migration already effectively installed (skipped): \phpbb\db\migration\data\v31x\v313
[DEBUG] Migration already effectively installed (skipped): \phpbb\db\migration\data\v31x\v319
[DEBUG] Migration already effectively installed (skipped): \phpbb\db\migration\data\v31x\v314rc1
[DEBUG] Migration already effectively installed (skipped): \phpbb\db\migration\data\v31x\v314rc2
[DEBUG] Migration already effectively installed (skipped): \phpbb\db\migration\data\v31x\v319rc1
[DEBUG] Migration already effectively installed (skipped): \phpbb\db\migration\data\v31x\remove_duplicate_migrations
[DEBUG] Migration already effectively installed (skipped): \phpbb\db\migration\data\v31x\v318
[DEBUG] Migration already effectively installed (skipped): \phpbb\db\migration\data\v31x\update_custom_bbcodes_with_idn
[DEBUG] Migration already effectively installed (skipped): \phpbb\db\migration\data\v31x\profilefield_yahoo_update_url
[DEBUG] Migration already effectively installed (skipped): \phpbb\db\migration\data\v31x\v312rc1
[DEBUG] Migration already effectively installed (skipped): \phpbb\db\migration\data\v31x\m_pm_report
[DEBUG] Migration already effectively installed (skipped): \phpbb\db\migration\data\v31x\add_jabber_ssl_context_config_options
[DEBUG] Migration already effectively installed (skipped): \phpbb\db\migration\data\v31x\v313rc2
[DEBUG] Migration already effectively installed (skipped): \phpbb\db\migration\data\v31x\v315
[DEBUG] Migration already effectively installed (skipped): \phpbb\db\migration\data\v31x\v316rc1
[DEBUG] Migration already effectively installed (skipped): \phpbb\db\migration\data\v33x\remove_profilefield_aol
[DEBUG] Migration already effectively installed (skipped): \phpbb\db\migration\data\v33x\v331
[DEBUG] Migration already effectively installed (skipped): \phpbb\db\migration\data\v33x\v334rc1
[DEBUG] Migration already effectively installed (skipped): \phpbb\db\migration\data\v33x\remove_orphaned_roles
[DEBUG] Migration already effectively installed (skipped): \phpbb\db\migration\data\v33x\v332
[DEBUG] Migration already effectively installed (skipped): \phpbb\db\migration\data\v33x\font_awesome_5_rollback
[DEBUG] Migration already effectively installed (skipped): \phpbb\db\migration\data\v33x\v335rc1
[DEBUG] Migration already effectively installed (skipped): \phpbb\db\migration\data\v33x\google_recaptcha_v3
[DEBUG] Migration already effectively installed (skipped): \phpbb\db\migration\data\v33x\v339
[DEBUG] Migration already effectively installed (skipped): \phpbb\db\migration\data\v33x\profilefield_cleanup
[DEBUG] Migration already effectively installed (skipped): \phpbb\db\migration\data\v33x\jquery_update
[DEBUG] Migration already effectively installed (skipped): \phpbb\db\migration\data\v33x\v331rc1
[DEBUG] Migration already effectively installed (skipped): \phpbb\db\migration\data\v33x\v336rc1
[DEBUG] Migration already effectively installed (skipped): \phpbb\db\migration\data\v33x\default_search_return_chars
[DEBUG] Migration already effectively installed (skipped): \phpbb\db\migration\data\v33x\v332rc1
[DEBUG] Migration already effectively installed (skipped): \phpbb\db\migration\data\v33x\v333rc1
[DEBUG] Migration already effectively installed (skipped): \phpbb\db\migration\data\v33x\v337
[DEBUG] Migration already effectively installed (skipped): \phpbb\db\migration\data\v33x\jquery_update_v2
[DEBUG] Migration already effectively installed (skipped): \phpbb\db\migration\data\v33x\font_awesome_5_update
[DEBUG] Migration already effectively installed (skipped): \phpbb\db\migration\data\v33x\add_notification_emails_table
[DEBUG] Migration already effectively installed (skipped): \phpbb\db\migration\data\v33x\fix_display_unapproved_posts_config
[DEBUG] Migration already effectively installed (skipped): \phpbb\db\migration\data\v33x\profilefields_update
[DEBUG] Migration already effectively installed (skipped): \phpbb\db\migration\data\v33x\v3310rc1
[DEBUG] Migration already effectively installed (skipped): \phpbb\db\migration\data\v33x\v338rc1
[DEBUG] Migration already effectively installed (skipped): \phpbb\db\migration\data\v33x\v334
[DEBUG] Migration already effectively installed (skipped): \phpbb\db\migration\data\v33x\v333
[DEBUG] Migration already effectively installed (skipped): \phpbb\db\migration\data\v33x\v339rc1
[DEBUG] Migration already effectively installed (skipped): \phpbb\db\migration\data\v33x\v335
[DEBUG] Migration already effectively installed (skipped): \phpbb\db\migration\data\v33x\bot_update_v2
[DEBUG] Migration already effectively installed (skipped): \phpbb\db\migration\data\v33x\bot_update
[DEBUG] Migration already effectively installed (skipped): \phpbb\db\migration\data\v33x\v3310
[DEBUG] Migration already effectively installed (skipped): \phpbb\db\migration\data\v33x\extend_bbcode_tooltip
[DEBUG] Migration already effectively installed (skipped): \phpbb\db\migration\data\v33x\v336
[DEBUG] Migration already effectively installed (skipped): \phpbb\db\migration\data\v33x\profilefield_youtube_update
[DEBUG] Apply dependencies of \phpbb\db\migration\data\v33x\v3311.
[DEBUG] Installing Data: \phpbb\db\migration\data\v33x\v3311.
[INFO] Installed Data: \phpbb\db\migration\data\v33x\v3311; Time: 0.00 seconds
